Begin time = 2013-11-28 16:20:51

ANC-1	Gene	http://www.wormbase.org/db/get?name=ANC-1;class=Gene
2013-11-28 16:20:51
Status: live
2013-11-28 16:20:55

BICD-1	Gene	http://www.wormbase.org/db/get?name=BICD-1;class=Gene
2013-11-28 16:20:55
Status: live
2013-11-28 16:20:57

CED-10	Gene	http://www.wormbase.org/db/get?name=CED-10;class=Gene
2013-11-28 16:20:57
Status: live
2013-11-28 16:21:00

CFZ-2	Gene	http://www.wormbase.org/db/get?name=CFZ-2;class=Gene
2013-11-28 16:21:00
Status: live
2013-11-28 16:21:04

CHE-3	Gene	http://www.wormbase.org/db/get?name=CHE-3;class=Gene
2013-11-28 16:21:04
Status: live
2013-11-28 16:21:07

CWN-1	Gene	http://www.wormbase.org/db/get?name=CWN-1;class=Gene
2013-11-28 16:21:07
Status: live
2013-11-28 16:21:10

CWN-2	Gene	http://www.wormbase.org/db/get?name=CWN-2;class=Gene
2013-11-28 16:21:10
Status: live
2013-11-28 16:21:12

DGN-1	Gene	http://www.wormbase.org/db/get?name=DGN-1;class=Gene
2013-11-28 16:21:12
Status: live
2013-11-28 16:21:15

DHC-1	Gene	http://www.wormbase.org/db/get?name=DHC-1;class=Gene
2013-11-28 16:21:15
Status: live
2013-11-28 16:21:18

EGL-20	Gene	http://www.wormbase.org/db/get?name=EGL-20;class=Gene
2013-11-28 16:21:18
Status: live
2013-11-28 16:21:21

ERM-1	Gene	http://www.wormbase.org/db/get?name=ERM-1;class=Gene
2013-11-28 16:21:21
Status: live
2013-11-28 16:21:24

KCA-1	Gene	http://www.wormbase.org/db/get?name=KCA-1;class=Gene
2013-11-28 16:21:24
Status: live
2013-11-28 16:21:27

KLC-1	Gene	http://www.wormbase.org/db/get?name=KLC-1;class=Gene
2013-11-28 16:21:27
Status: live
2013-11-28 16:21:29

KLC-2	Gene	http://www.wormbase.org/db/get?name=KLC-2;class=Gene
2013-11-28 16:21:29
Status: live
2013-11-28 16:21:32

KLP-11	Gene	http://www.wormbase.org/db/get?name=KLP-11;class=Gene
2013-11-28 16:21:32
Status: live
2013-11-28 16:21:35

LIN-17	Gene	http://www.wormbase.org/db/get?name=LIN-17;class=Gene
2013-11-28 16:21:35
Status: live
2013-11-28 16:21:38

LIN-44	Gene	http://www.wormbase.org/db/get?name=LIN-44;class=Gene
2013-11-28 16:21:38
Status: live
2013-11-28 16:21:41

MIG-1	Gene	http://www.wormbase.org/db/get?name=MIG-1;class=Gene
2013-11-28 16:21:41
Status: live
2013-11-28 16:21:43

MIG-10	Gene	http://www.wormbase.org/db/get?name=MIG-10;class=Gene
2013-11-28 16:21:43
Status: live
2013-11-28 16:21:46

MIG-15	Gene	http://www.wormbase.org/db/get?name=MIG-15;class=Gene
2013-11-28 16:21:46
Status: live
2013-11-28 16:21:49

MIG-2	Gene	http://www.wormbase.org/db/get?name=MIG-2;class=Gene
2013-11-28 16:21:49
Status: live
2013-11-28 16:21:51

MOM-2	Gene	http://www.wormbase.org/db/get?name=MOM-2;class=Gene
2013-11-28 16:21:51
Status: live
2013-11-28 16:21:55

MOM-5	Gene	http://www.wormbase.org/db/get?name=MOM-5;class=Gene
2013-11-28 16:21:55
Status: live
2013-11-28 16:21:58

N2	Strain	http://www.wormbase.org/db/get?name=N2;class=Strain
2013-11-28 16:21:58
Status: live
2013-11-28 16:22:00

OP50	Strain	http://www.wormbase.org/db/get?name=OP50;class=Strain
2013-11-28 16:22:00
Status: live
2013-11-28 16:22:04

OSM-3	Gene	http://www.wormbase.org/db/get?name=OSM-3;class=Gene
2013-11-28 16:22:04
Status: live
2013-11-28 16:22:11

SAX-3	Gene	http://www.wormbase.org/db/get?name=SAX-3;class=Gene
2013-11-28 16:22:11
Status: live
2013-11-28 16:22:15

SAX-7	Gene	http://www.wormbase.org/db/get?name=SAX-7;class=Gene
2013-11-28 16:22:15
Status: live
2013-11-28 16:22:19

SLT-1	Gene	http://www.wormbase.org/db/get?name=SLT-1;class=Gene
2013-11-28 16:22:19
Status: live
2013-11-28 16:22:24

UNC-104	Gene	http://www.wormbase.org/db/get?name=UNC-104;class=Gene
2013-11-28 16:22:24
Status: live
2013-11-28 16:22:28

UNC-116	Gene	http://www.wormbase.org/db/get?name=UNC-116;class=Gene
2013-11-28 16:22:28
Status: live
2013-11-28 16:22:32

UNC-14	Gene	http://www.wormbase.org/db/get?name=UNC-14;class=Gene
2013-11-28 16:22:32
Status: live
2013-11-28 16:22:36

UNC-16	Gene	http://www.wormbase.org/db/get?name=UNC-16;class=Gene
2013-11-28 16:22:36
Status: live
2013-11-28 16:22:40

UNC-33	Gene	http://www.wormbase.org/db/get?name=UNC-33;class=Gene
2013-11-28 16:22:40
Status: live
2013-11-28 16:22:45

UNC-34	Gene	http://www.wormbase.org/db/get?name=UNC-34;class=Gene
2013-11-28 16:22:45
Status: live
2013-11-28 16:22:50

UNC-40	Gene	http://www.wormbase.org/db/get?name=UNC-40;class=Gene
2013-11-28 16:22:50
Status: live
2013-11-28 16:22:54

UNC-44	Gene	http://www.wormbase.org/db/get?name=UNC-44;class=Gene
2013-11-28 16:22:54
Status: live
2013-11-28 16:23:00

UNC-5	Gene	http://www.wormbase.org/db/get?name=UNC-5;class=Gene
2013-11-28 16:23:00
Status: live
2013-11-28 16:23:05

UNC-51	Gene	http://www.wormbase.org/db/get?name=UNC-51;class=Gene
2013-11-28 16:23:05
Status: live
2013-11-28 16:23:10

UNC-6	Gene	http://www.wormbase.org/db/get?name=UNC-6;class=Gene
2013-11-28 16:23:10
Status: live
2013-11-28 16:23:17

UNC-69	Gene	http://www.wormbase.org/db/get?name=UNC-69;class=Gene
2013-11-28 16:23:17
Status: live
2013-11-28 16:23:21

UNC-73	Gene	http://www.wormbase.org/db/get?name=UNC-73;class=Gene
2013-11-28 16:23:21
Status: live
2013-11-28 16:23:25

UNC-76	Gene	http://www.wormbase.org/db/get?name=UNC-76;class=Gene
2013-11-28 16:23:25
Status: live
2013-11-28 16:23:29

UNC-83	Gene	http://www.wormbase.org/db/get?name=UNC-83;class=Gene
2013-11-28 16:23:29
Status: live
2013-11-28 16:23:34

VAB-8	Gene	http://www.wormbase.org/db/get?name=VAB-8;class=Gene
2013-11-28 16:23:34
Status: live
2013-11-28 16:23:39

WVE-1	Gene	http://www.wormbase.org/db/get?name=WVE-1;class=Gene
2013-11-28 16:23:39
Status: live
2013-11-28 16:23:43

ZEN-4	Gene	http://www.wormbase.org/db/get?name=ZEN-4;class=Gene
2013-11-28 16:23:43
Status: live
2013-11-28 16:23:47

ced-10	Gene	http://www.wormbase.org/db/get?name=ced-10;class=Gene
2013-11-28 16:23:47
Status: live
2013-11-28 16:23:51

cfz-2	Gene	http://www.wormbase.org/db/get?name=cfz-2;class=Gene
2013-11-28 16:23:51
Status: live
2013-11-28 16:23:55

cg121	Variation	http://www.wormbase.org/db/get?name=cg121;class=Variation
2013-11-28 16:23:55
Status: live
2013-11-28 16:24:01

che-3	Gene	http://www.wormbase.org/db/get?name=che-3;class=Gene
2013-11-28 16:24:01
Status: live
2013-11-28 16:24:05

ct41	Variation	http://www.wormbase.org/db/get?name=ct41;class=Variation
2013-11-28 16:24:05
Status: live
2013-11-28 16:24:09

cwn-1	Gene	http://www.wormbase.org/db/get?name=cwn-1;class=Gene
2013-11-28 16:24:09
Status: live
2013-11-28 16:24:15

cwn-2	Gene	http://www.wormbase.org/db/get?name=cwn-2;class=Gene
2013-11-28 16:24:15
Status: live
2013-11-28 16:24:21

dgn-1	Gene	http://www.wormbase.org/db/get?name=dgn-1;class=Gene
2013-11-28 16:24:21
Status: live
2013-11-28 16:24:25

dhc-1	Gene	http://www.wormbase.org/db/get?name=dhc-1;class=Gene
2013-11-28 16:24:25
Status: live
2013-11-28 16:24:29

e109	Variation	http://www.wormbase.org/db/get?name=e109;class=Variation
2013-11-28 16:24:29
Status: live
2013-11-28 16:24:33

e1124	Variation	http://www.wormbase.org/db/get?name=e1124;class=Variation
2013-11-28 16:24:33
Status: live
2013-11-28 16:24:38

e1265	Variation	http://www.wormbase.org/db/get?name=e1265;class=Variation
2013-11-28 16:24:38
Status: live
2013-11-28 16:24:42

e1313	Variation	http://www.wormbase.org/db/get?name=e1313;class=Variation
2013-11-28 16:24:42
Status: live
2013-11-28 16:24:46

e1787	Variation	http://www.wormbase.org/db/get?name=e1787;class=Variation
2013-11-28 16:24:46
Status: live
2013-11-28 16:24:51

e187	Variation	http://www.wormbase.org/db/get?name=e187;class=Variation
2013-11-28 16:24:51
Status: live
2013-11-28 16:24:55

e204	Variation	http://www.wormbase.org/db/get?name=e204;class=Variation
2013-11-28 16:24:55
Status: live
2013-11-28 16:24:59

e2310	Variation	http://www.wormbase.org/db/get?name=e2310;class=Variation
2013-11-28 16:24:59
Status: live
2013-11-28 16:25:04

e271	Variation	http://www.wormbase.org/db/get?name=e271;class=Variation
2013-11-28 16:25:04
Status: live
2013-11-28 16:25:08

e362	Variation	http://www.wormbase.org/db/get?name=e362;class=Variation
2013-11-28 16:25:08
Status: live
2013-11-28 16:25:13

e369	Variation	http://www.wormbase.org/db/get?name=e369;class=Variation
2013-11-28 16:25:13
Status: live
2013-11-28 16:25:17

e53	Variation	http://www.wormbase.org/db/get?name=e53;class=Variation
2013-11-28 16:25:17
Status: live
2013-11-28 16:25:26

e57	Variation	http://www.wormbase.org/db/get?name=e57;class=Variation
2013-11-28 16:25:26
Status: live
2013-11-28 16:25:30

e587	Variation	http://www.wormbase.org/db/get?name=e587;class=Variation
2013-11-28 16:25:30
Status: live
2013-11-28 16:25:35

e911	Variation	http://www.wormbase.org/db/get?name=e911;class=Variation
2013-11-28 16:25:35
Status: live
2013-11-28 16:25:40

egl-15	Gene	http://www.wormbase.org/db/get?name=egl-15;class=Gene
2013-11-28 16:25:40
Status: live
2013-11-28 16:25:44

egl-17	Gene	http://www.wormbase.org/db/get?name=egl-17;class=Gene
2013-11-28 16:25:44
Status: live
2013-11-28 16:25:48

egl-20	Gene	http://www.wormbase.org/db/get?name=egl-20;class=Gene
2013-11-28 16:25:48
Status: live
2013-11-28 16:25:53

eh15	Variation	http://www.wormbase.org/db/get?name=eh15;class=Variation
2013-11-28 16:25:53
Status: live
2013-11-28 16:25:57

ev400	Variation	http://www.wormbase.org/db/get?name=ev400;class=Variation
2013-11-28 16:25:57
Status: live
2013-11-28 16:26:02

flp-18	Gene	http://www.wormbase.org/db/get?name=flp-18;class=Gene
2013-11-28 16:26:02
Status: live
2013-11-28 16:26:06

gk812	Variation	http://www.wormbase.org/db/get?name=gk812;class=Variation
2013-11-28 16:26:06
Status: live
2013-11-28 16:26:11

gm104	Variation	http://www.wormbase.org/db/get?name=gm104;class=Variation
2013-11-28 16:26:11
Status: live
2013-11-28 16:26:15

gm84	Variation	http://www.wormbase.org/db/get?name=gm84;class=Variation
2013-11-28 16:26:15
Status: live
2013-11-28 16:26:19

gpa-6	Gene	http://www.wormbase.org/db/get?name=gpa-6;class=Gene
2013-11-28 16:26:19
Status: live
2013-11-28 16:26:24

hf3	Variation	http://www.wormbase.org/db/get?name=hf3;class=Variation
2013-11-28 16:26:24
Status: live
2013-11-28 16:26:29

kca-1	Gene	http://www.wormbase.org/db/get?name=kca-1;class=Gene
2013-11-28 16:26:29
Status: live
2013-11-28 16:26:33

klc-1	Gene	http://www.wormbase.org/db/get?name=klc-1;class=Gene
2013-11-28 16:26:33
Status: live
2013-11-28 16:26:38

klc-2	Gene	http://www.wormbase.org/db/get?name=klc-2;class=Gene
2013-11-28 16:26:38
Status: live
2013-11-28 16:26:42

klp-11	Gene	http://www.wormbase.org/db/get?name=klp-11;class=Gene
2013-11-28 16:26:42
Status: live
2013-11-28 16:26:46

km11	Variation	http://www.wormbase.org/db/get?name=km11;class=Variation
2013-11-28 16:26:46
Status: live
2013-11-28 16:26:50

ky123	Variation	http://www.wormbase.org/db/get?name=ky123;class=Variation
2013-11-28 16:26:50
Status: live
2013-11-28 16:26:54

lin-17	Gene	http://www.wormbase.org/db/get?name=lin-17;class=Gene
2013-11-28 16:26:54
Status: live
2013-11-28 16:26:58

lin-44	Gene	http://www.wormbase.org/db/get?name=lin-44;class=Gene
2013-11-28 16:26:58
Status: live
2013-11-28 16:27:04

mig-1	Gene	http://www.wormbase.org/db/get?name=mig-1;class=Gene
2013-11-28 16:27:04
Status: live
2013-11-28 16:27:08

mig-10	Gene	http://www.wormbase.org/db/get?name=mig-10;class=Gene
2013-11-28 16:27:08
Status: live
2013-11-28 16:27:13

mig-15	Gene	http://www.wormbase.org/db/get?name=mig-15;class=Gene
2013-11-28 16:27:13
Status: live
2013-11-28 16:27:19

mig-2	Gene	http://www.wormbase.org/db/get?name=mig-2;class=Gene
2013-11-28 16:27:19
Status: live
2013-11-28 16:27:23

mom-2	Gene	http://www.wormbase.org/db/get?name=mom-2;class=Gene
2013-11-28 16:27:23
Status: live
2013-11-28 16:27:27

mom-5	Gene	http://www.wormbase.org/db/get?name=mom-5;class=Gene
2013-11-28 16:27:27
Status: live
2013-11-28 16:27:34

mu28	Variation	http://www.wormbase.org/db/get?name=mu28;class=Variation
2013-11-28 16:27:34
Status: live
2013-11-28 16:27:38

mu39	Variation	http://www.wormbase.org/db/get?name=mu39;class=Variation
2013-11-28 16:27:38
Status: live
2013-11-28 16:27:43

n1792	Variation	http://www.wormbase.org/db/get?name=n1792;class=Variation
2013-11-28 16:27:43
Status: live
2013-11-28 16:27:48

n1993	Variation	http://www.wormbase.org/db/get?name=n1993;class=Variation
2013-11-28 16:27:48
Status: live
2013-11-28 16:27:53

n484	Variation	http://www.wormbase.org/db/get?name=n484;class=Variation
2013-11-28 16:27:53
Status: live
2013-11-28 16:27:58

n585	Variation	http://www.wormbase.org/db/get?name=n585;class=Variation
2013-11-28 16:27:58
Status: live
2013-11-28 16:28:03

n671	Variation	http://www.wormbase.org/db/get?name=n671;class=Variation
2013-11-28 16:28:03
Status: live
2013-11-28 16:28:08

ne874	Variation	http://www.wormbase.org/db/get?name=ne874;class=Variation
2013-11-28 16:28:08
Status: live
2013-11-28 16:28:13

nj48	Variation	http://www.wormbase.org/db/get?name=nj48;class=Variation
2013-11-28 16:28:13
Status: live
2013-11-28 16:28:18

nlp-1	Gene	http://www.wormbase.org/db/get?name=nlp-1;class=Gene
2013-11-28 16:28:18
Status: live
2013-11-28 16:28:24

odr-1	Gene	http://www.wormbase.org/db/get?name=odr-1;class=Gene
2013-11-28 16:28:24
Status: live
2013-11-28 16:28:28

ok1201	Variation	http://www.wormbase.org/db/get?name=ok1201;class=Variation
2013-11-28 16:28:28
Status: live
2013-11-28 16:28:35

ok2609	Variation	http://www.wormbase.org/db/get?name=ok2609;class=Variation
2013-11-28 16:28:35
Status: live
2013-11-28 16:28:40

ok2777	Variation	http://www.wormbase.org/db/get?name=ok2777;class=Variation
2013-11-28 16:28:40
Status: live
2013-11-28 16:28:45

ok3308	Variation	http://www.wormbase.org/db/get?name=ok3308;class=Variation
2013-11-28 16:28:45
Status: live
2013-11-28 16:28:50

ok546	Variation	http://www.wormbase.org/db/get?name=ok546;class=Variation
2013-11-28 16:28:50
Status: live
2013-11-28 16:28:54

ok895	Variation	http://www.wormbase.org/db/get?name=ok895;class=Variation
2013-11-28 16:28:54
Status: live
2013-11-28 16:28:59

or153	Variation	http://www.wormbase.org/db/get?name=or153;class=Variation
2013-11-28 16:28:59
Status: live
2013-11-28 16:29:03

or283ts	Variation	http://www.wormbase.org/db/get?name=or283;class=Variation
2013-11-28 16:29:03
Status: live
2013-11-28 16:29:08

or352ts	Variation	http://www.wormbase.org/db/get?name=or352;class=Variation
2013-11-28 16:29:08
Status: live
2013-11-28 16:29:14

or77	Variation	http://www.wormbase.org/db/get?name=or77;class=Variation
2013-11-28 16:29:14
Status: live
2013-11-28 16:29:18

or85	Variation	http://www.wormbase.org/db/get?name=or85;class=Variation
2013-11-28 16:29:18
Status: live
2013-11-28 16:29:24

osm-3	Gene	http://www.wormbase.org/db/get?name=osm-3;class=Gene
2013-11-28 16:29:24
Status: live
2013-11-28 16:29:28

otIs45	Transgene	http://www.wormbase.org/db/get?name=otIs45;class=Transgene
2013-11-28 16:29:28
Status: live
2013-11-28 16:29:32

rh148	Variation	http://www.wormbase.org/db/get?name=rh148;class=Variation
2013-11-28 16:29:32
Status: live
2013-11-28 16:29:39

rh24	Variation	http://www.wormbase.org/db/get?name=rh24;class=Variation
2013-11-28 16:29:39
Status: live
2013-11-28 16:29:46

rh40	Variation	http://www.wormbase.org/db/get?name=rh40;class=Variation
2013-11-28 16:29:46
Status: live
2013-11-28 16:29:51

sax-3	Gene	http://www.wormbase.org/db/get?name=sax-3;class=Gene
2013-11-28 16:29:51
Status: live
2013-11-28 16:29:55

sax-7	Gene	http://www.wormbase.org/db/get?name=sax-7;class=Gene
2013-11-28 16:29:55
Status: live
2013-11-28 16:30:00

sb79	Variation	http://www.wormbase.org/db/get?name=sb79;class=Variation
2013-11-28 16:30:00
Status: live
2013-11-28 16:30:04

slt-1	Gene	http://www.wormbase.org/db/get?name=slt-1;class=Gene
2013-11-28 16:30:04
Status: live
2013-11-28 16:30:10

tm324	Variation	http://www.wormbase.org/db/get?name=tm324;class=Variation
2013-11-28 16:30:10
Status: live
2013-11-28 16:30:15

unc-104	Gene	http://www.wormbase.org/db/get?name=unc-104;class=Gene
2013-11-28 16:30:15
Status: live
2013-11-28 16:30:20

unc-116	Gene	http://www.wormbase.org/db/get?name=unc-116;class=Gene
2013-11-28 16:30:20
Status: live
2013-11-28 16:30:25

unc-122	Gene	http://www.wormbase.org/db/get?name=unc-122;class=Gene
2013-11-28 16:30:25
Status: live
2013-11-28 16:30:29

unc-14	Gene	http://www.wormbase.org/db/get?name=unc-14;class=Gene
2013-11-28 16:30:29
Status: live
2013-11-28 16:30:33

unc-16	Gene	http://www.wormbase.org/db/get?name=unc-16;class=Gene
2013-11-28 16:30:33
Status: live
2013-11-28 16:30:38

unc-33	Gene	http://www.wormbase.org/db/get?name=unc-33;class=Gene
2013-11-28 16:30:38
Status: live
2013-11-28 16:30:44

unc-34	Gene	http://www.wormbase.org/db/get?name=unc-34;class=Gene
2013-11-28 16:30:44
Status: live
2013-11-28 16:30:50

unc-40	Gene	http://www.wormbase.org/db/get?name=unc-40;class=Gene
2013-11-28 16:30:50
Status: live
2013-11-28 16:30:54

unc-44	Gene	http://www.wormbase.org/db/get?name=unc-44;class=Gene
2013-11-28 16:30:54
Status: live
2013-11-28 16:30:59

unc-5	Gene	http://www.wormbase.org/db/get?name=unc-5;class=Gene
2013-11-28 16:30:59
Status: live
2013-11-28 16:31:04

unc-51	Gene	http://www.wormbase.org/db/get?name=unc-51;class=Gene
2013-11-28 16:31:04
Status: live
2013-11-28 16:31:09

unc-6	Gene	http://www.wormbase.org/db/get?name=unc-6;class=Gene
2013-11-28 16:31:09
Status: live
2013-11-28 16:31:13

unc-69	Gene	http://www.wormbase.org/db/get?name=unc-69;class=Gene
2013-11-28 16:31:13
Status: live
2013-11-28 16:31:17

unc-73	Gene	http://www.wormbase.org/db/get?name=unc-73;class=Gene
2013-11-28 16:31:17
Status: live
2013-11-28 16:31:22

unc-76	Gene	http://www.wormbase.org/db/get?name=unc-76;class=Gene
2013-11-28 16:31:22
Status: live
2013-11-28 16:31:26

vab-8	Gene	http://www.wormbase.org/db/get?name=vab-8;class=Gene
2013-11-28 16:31:26
Status: live
2013-11-28 16:31:30

wve-1	Gene	http://www.wormbase.org/db/get?name=wve-1;class=Gene
2013-11-28 16:31:30
Status: live
2013-11-28 16:31:35

wyEx1916	Transgene	http://www.wormbase.org/db/get?name=wyEx1916;class=Transgene
2013-11-28 16:31:35
Status: live
2013-11-28 16:31:39

wyIs154	Transgene	http://www.wormbase.org/db/get?name=wyIs154;class=Transgene
2013-11-28 16:31:39
Status: live
2013-11-28 16:31:43

wyIs155	Transgene	http://www.wormbase.org/db/get?name=wyIs155;class=Transgene
2013-11-28 16:31:43
Status: live
2013-11-28 16:31:48

wyIs157	Transgene	http://www.wormbase.org/db/get?name=wyIs157;class=Transgene
2013-11-28 16:31:48
Status: live
2013-11-28 16:31:53

zdIs5	Transgene	http://www.wormbase.org/db/get?name=zdIs5;class=Transgene
2013-11-28 16:31:53
Status: live
2013-11-28 16:31:58

zen-4	Gene	http://www.wormbase.org/db/get?name=zen-4;class=Gene
2013-11-28 16:31:58
Status: live
2013-11-28 16:32:03

End time: 2013-11-28 16:32:03

