[2013/11/28 16:19:10 WARN]  Couldn't create the top-level output directory at /Users/tharris/Dropbox/Projects/GSA-pipeline/scripts/../output/GSA/149310 (WormbaseLinkTasks::_build_output_root [234])
[2013/11/28 16:19:10 INFO]    Running script ./scripts/03link.pl for GSA-149310 (main:: [63])
[2013/11/28 16:19:10 INFO]    ...getting xml format via GeneralTasks::getXMLFormat (main:: [65])
[2013/11/28 16:19:10 INFO]    ...converting line endings GeneralTasks::convertDosFileToUnixFile (main:: [69])
[2013/11/28 16:19:10 INFO]    ...finding and linking objects in XML (main:: [86])
[2013/11/28 16:19:10 INFO]    Loading lexicon... (WormbaseLinkTasks::loadLexicon [1321])
[2013/11/28 16:19:15 INFO]         Size of lexicon = 1848603 (WormbaseLinkTasks::loadLexicon [1341])
[2013/11/28 16:19:15 INFO]    Linking objects in 149310 (WormbaseLinkTasks::findAndLinkObjects [486])
[2013/11/28 16:19:49 INFO]    ... found Transgene 'wyEx1916' (WormbaseLinkTasks::findAndLinkObjects [529])
[2013/11/28 16:19:49 INFO]       link_entity_in_xml: wyEx1916 (WormbaseLinkTasks::link_entity_in_xml [656])
[2013/11/28 16:20:18 INFO]    ... found Anatomy_name 'ganglion' (WormbaseLinkTasks::findAndLinkObjects [529])
[2013/11/28 16:20:19 INFO]    ... found Transgene 'wyIs157' (WormbaseLinkTasks::findAndLinkObjects [529])
[2013/11/28 16:20:19 INFO]       link_entity_in_xml: wyIs157 (WormbaseLinkTasks::link_entity_in_xml [656])
[2013/11/28 16:20:19 INFO]       link_entity_in_xml: wyIs157 (WormbaseLinkTasks::link_entity_in_xml [656])
[2013/11/28 16:20:19 INFO]       link_entity_in_xml: wyIs157 (WormbaseLinkTasks::link_entity_in_xml [656])
[2013/11/28 16:20:19 INFO]    ... found Transgene 'wyIs154' (WormbaseLinkTasks::findAndLinkObjects [529])
[2013/11/28 16:20:19 INFO]       link_entity_in_xml: wyIs154 (WormbaseLinkTasks::link_entity_in_xml [656])
[2013/11/28 16:20:19 INFO]       link_entity_in_xml: wyIs154 (WormbaseLinkTasks::link_entity_in_xml [656])
[2013/11/28 16:20:23 INFO]    ... found Protein 'UNC-104' (WormbaseLinkTasks::findAndLinkObjects [529])
[2013/11/28 16:20:23 INFO]       link_entity_in_xml: UNC-104 (WormbaseLinkTasks::link_entity_in_xml [656])
[2013/11/28 16:20:23 INFO]       link_entity_in_xml: UNC-104 (WormbaseLinkTasks::link_entity_in_xml [656])
[2013/11/28 16:20:23 INFO]    ... found Protein 'UNC-116' (WormbaseLinkTasks::findAndLinkObjects [529])
[2013/11/28 16:20:23 INFO]       link_entity_in_xml: UNC-116 (WormbaseLinkTasks::link_entity_in_xml [656])
[2013/11/28 16:20:23 INFO]       link_entity_in_xml: UNC-116 (WormbaseLinkTasks::link_entity_in_xml [656])
[2013/11/28 16:20:23 INFO]       link_entity_in_xml: UNC-116 (WormbaseLinkTasks::link_entity_in_xml [656])
[2013/11/28 16:20:23 INFO]       link_entity_in_xml: UNC-116 (WormbaseLinkTasks::link_entity_in_xml [656])
[2013/11/28 16:20:23 INFO]       link_entity_in_xml: UNC-116 (WormbaseLinkTasks::link_entity_in_xml [656])
[2013/11/28 16:20:23 INFO]       link_entity_in_xml: UNC-116 (WormbaseLinkTasks::link_entity_in_xml [656])
[2013/11/28 16:20:23 INFO]       link_entity_in_xml: UNC-116 (WormbaseLinkTasks::link_entity_in_xml [656])
[2013/11/28 16:20:23 INFO]       link_entity_in_xml: UNC-116 (WormbaseLinkTasks::link_entity_in_xml [656])
[2013/11/28 16:20:23 INFO]       link_entity_in_xml: UNC-116 (WormbaseLinkTasks::link_entity_in_xml [656])
[2013/11/28 16:20:23 INFO]       link_entity_in_xml: UNC-116 (WormbaseLinkTasks::link_entity_in_xml [656])
[2013/11/28 16:20:23 INFO]       link_entity_in_xml: UNC-116 (WormbaseLinkTasks::link_entity_in_xml [656])
[2013/11/28 16:20:23 INFO]       link_entity_in_xml: UNC-116 (WormbaseLinkTasks::link_entity_in_xml [656])
[2013/11/28 16:20:23 INFO]       link_entity_in_xml: UNC-116 (WormbaseLinkTasks::link_entity_in_xml [656])
[2013/11/28 16:20:23 INFO]       link_entity_in_xml: UNC-116 (WormbaseLinkTasks::link_entity_in_xml [656])
[2013/11/28 16:20:23 INFO]       link_entity_in_xml: UNC-116 (WormbaseLinkTasks::link_entity_in_xml [656])
[2013/11/28 16:20:23 INFO]       link_entity_in_xml: UNC-116 (WormbaseLinkTasks::link_entity_in_xml [656])
[2013/11/28 16:20:23 INFO]       link_entity_in_xml: UNC-116 (WormbaseLinkTasks::link_entity_in_xml [656])
[2013/11/28 16:20:23 INFO]       link_entity_in_xml: UNC-116 (WormbaseLinkTasks::link_entity_in_xml [656])
[2013/11/28 16:20:23 INFO]       link_entity_in_xml: UNC-116 (WormbaseLinkTasks::link_entity_in_xml [656])
[2013/11/28 16:20:23 INFO]       link_entity_in_xml: UNC-116 (WormbaseLinkTasks::link_entity_in_xml [656])
[2013/11/28 16:20:23 INFO]       link_entity_in_xml: UNC-116 (WormbaseLinkTasks::link_entity_in_xml [656])
[2013/11/28 16:20:23 INFO]       link_entity_in_xml: UNC-116 (WormbaseLinkTasks::link_entity_in_xml [656])
[2013/11/28 16:20:23 INFO]       link_entity_in_xml: UNC-116 (WormbaseLinkTasks::link_entity_in_xml [656])
[2013/11/28 16:20:23 INFO]       link_entity_in_xml: UNC-116 (WormbaseLinkTasks::link_entity_in_xml [656])
[2013/11/28 16:20:23 INFO]       link_entity_in_xml: UNC-116 (WormbaseLinkTasks::link_entity_in_xml [656])
[2013/11/28 16:20:23 INFO]       link_entity_in_xml: UNC-116 (WormbaseLinkTasks::link_entity_in_xml [656])
[2013/11/28 16:20:23 INFO]       link_entity_in_xml: UNC-116 (WormbaseLinkTasks::link_entity_in_xml [656])
[2013/11/28 16:20:23 INFO]       link_entity_in_xml: UNC-116 (WormbaseLinkTasks::link_entity_in_xml [656])
[2013/11/28 16:20:23 INFO]       link_entity_in_xml: UNC-116 (WormbaseLinkTasks::link_entity_in_xml [656])
[2013/11/28 16:20:23 INFO]       link_entity_in_xml: UNC-116 (WormbaseLinkTasks::link_entity_in_xml [656])
[2013/11/28 16:20:23 INFO]       link_entity_in_xml: UNC-116 (WormbaseLinkTasks::link_entity_in_xml [656])
[2013/11/28 16:20:23 INFO]       link_entity_in_xml: UNC-116 (WormbaseLinkTasks::link_entity_in_xml [656])
[2013/11/28 16:20:23 INFO]       link_entity_in_xml: UNC-116 (WormbaseLinkTasks::link_entity_in_xml [656])
[2013/11/28 16:20:23 INFO]       link_entity_in_xml: UNC-116 (WormbaseLinkTasks::link_entity_in_xml [656])
[2013/11/28 16:20:23 INFO]       link_entity_in_xml: UNC-116 (WormbaseLinkTasks::link_entity_in_xml [656])
[2013/11/28 16:20:23 INFO]       link_entity_in_xml: UNC-116 (WormbaseLinkTasks::link_entity_in_xml [656])
[2013/11/28 16:20:23 INFO]       link_entity_in_xml: UNC-116 (WormbaseLinkTasks::link_entity_in_xml [656])
[2013/11/28 16:20:23 INFO]       link_entity_in_xml: UNC-116 (WormbaseLinkTasks::link_entity_in_xml [656])
[2013/11/28 16:20:23 INFO]       link_entity_in_xml: UNC-116 (WormbaseLinkTasks::link_entity_in_xml [656])
[2013/11/28 16:20:23 INFO]       link_entity_in_xml: UNC-116 (WormbaseLinkTasks::link_entity_in_xml [656])
[2013/11/28 16:20:23 INFO]       link_entity_in_xml: UNC-116 (WormbaseLinkTasks::link_entity_in_xml [656])
[2013/11/28 16:20:23 INFO]       link_entity_in_xml: UNC-116 (WormbaseLinkTasks::link_entity_in_xml [656])
[2013/11/28 16:20:23 INFO]       link_entity_in_xml: UNC-116 (WormbaseLinkTasks::link_entity_in_xml [656])
[2013/11/28 16:20:23 INFO]       link_entity_in_xml: UNC-116 (WormbaseLinkTasks::link_entity_in_xml [656])
[2013/11/28 16:20:23 INFO]       link_entity_in_xml: UNC-116 (WormbaseLinkTasks::link_entity_in_xml [656])
[2013/11/28 16:20:23 INFO]       link_entity_in_xml: UNC-116 (WormbaseLinkTasks::link_entity_in_xml [656])
[2013/11/28 16:20:23 INFO]       link_entity_in_xml: UNC-116 (WormbaseLinkTasks::link_entity_in_xml [656])
[2013/11/28 16:20:23 INFO]       link_entity_in_xml: UNC-116 (WormbaseLinkTasks::link_entity_in_xml [656])
[2013/11/28 16:20:23 INFO]       link_entity_in_xml: UNC-116 (WormbaseLinkTasks::link_entity_in_xml [656])
[2013/11/28 16:20:23 INFO]       link_entity_in_xml: UNC-116 (WormbaseLinkTasks::link_entity_in_xml [656])
[2013/11/28 16:20:23 INFO]       link_entity_in_xml: UNC-116 (WormbaseLinkTasks::link_entity_in_xml [656])
[2013/11/28 16:20:23 INFO]       link_entity_in_xml: UNC-116 (WormbaseLinkTasks::link_entity_in_xml [656])
[2013/11/28 16:20:23 INFO]       link_entity_in_xml: UNC-116 (WormbaseLinkTasks::link_entity_in_xml [656])
[2013/11/28 16:20:23 INFO]       link_entity_in_xml: UNC-116 (WormbaseLinkTasks::link_entity_in_xml [656])
[2013/11/28 16:20:23 INFO]       link_entity_in_xml: UNC-116 (WormbaseLinkTasks::link_entity_in_xml [656])
[2013/11/28 16:20:23 INFO]       link_entity_in_xml: UNC-116 (WormbaseLinkTasks::link_entity_in_xml [656])
[2013/11/28 16:20:23 INFO]       link_entity_in_xml: UNC-116 (WormbaseLinkTasks::link_entity_in_xml [656])
[2013/11/28 16:20:23 INFO]       link_entity_in_xml: UNC-116 (WormbaseLinkTasks::link_entity_in_xml [656])
[2013/11/28 16:20:23 INFO]       link_entity_in_xml: UNC-116 (WormbaseLinkTasks::link_entity_in_xml [656])
[2013/11/28 16:20:23 INFO]       link_entity_in_xml: UNC-116 (WormbaseLinkTasks::link_entity_in_xml [656])
[2013/11/28 16:20:23 INFO]       link_entity_in_xml: UNC-116 (WormbaseLinkTasks::link_entity_in_xml [656])
[2013/11/28 16:20:23 INFO]       link_entity_in_xml: UNC-116 (WormbaseLinkTasks::link_entity_in_xml [656])
[2013/11/28 16:20:23 INFO]       link_entity_in_xml: UNC-116 (WormbaseLinkTasks::link_entity_in_xml [656])
[2013/11/28 16:20:23 INFO]       link_entity_in_xml: UNC-116 (WormbaseLinkTasks::link_entity_in_xml [656])
[2013/11/28 16:20:23 INFO]       link_entity_in_xml: UNC-116 (WormbaseLinkTasks::link_entity_in_xml [656])
[2013/11/28 16:20:23 INFO]       link_entity_in_xml: UNC-116 (WormbaseLinkTasks::link_entity_in_xml [656])
[2013/11/28 16:20:23 INFO]       link_entity_in_xml: UNC-116 (WormbaseLinkTasks::link_entity_in_xml [656])
[2013/11/28 16:20:23 INFO]       link_entity_in_xml: UNC-116 (WormbaseLinkTasks::link_entity_in_xml [656])
[2013/11/28 16:20:23 INFO]       link_entity_in_xml: UNC-116 (WormbaseLinkTasks::link_entity_in_xml [656])
[2013/11/28 16:20:24 INFO]    ... found Variation 'or352ts' (WormbaseLinkTasks::findAndLinkObjects [529])
[2013/11/28 16:20:24 INFO]    ... found Gene 'unc-116' (WormbaseLinkTasks::findAndLinkObjects [529])
[2013/11/28 16:20:24 INFO]       link_entity_in_xml: unc-116 (WormbaseLinkTasks::link_entity_in_xml [656])
[2013/11/28 16:20:24 INFO]       link_entity_in_xml: unc-116 (WormbaseLinkTasks::link_entity_in_xml [656])
[2013/11/28 16:20:24 INFO]       link_entity_in_xml: unc-116 (WormbaseLinkTasks::link_entity_in_xml [656])
[2013/11/28 16:20:24 INFO]       link_entity_in_xml: unc-116 (WormbaseLinkTasks::link_entity_in_xml [656])
[2013/11/28 16:20:24 INFO]       link_entity_in_xml: unc-116 (WormbaseLinkTasks::link_entity_in_xml [656])
[2013/11/28 16:20:24 INFO]       link_entity_in_xml: unc-116 (WormbaseLinkTasks::link_entity_in_xml [656])
[2013/11/28 16:20:24 INFO]       link_entity_in_xml: unc-116 (WormbaseLinkTasks::link_entity_in_xml [656])
[2013/11/28 16:20:24 INFO]       link_entity_in_xml: unc-116 (WormbaseLinkTasks::link_entity_in_xml [656])
[2013/11/28 16:20:24 INFO]       link_entity_in_xml: unc-116 (WormbaseLinkTasks::link_entity_in_xml [656])
[2013/11/28 16:20:24 INFO]       link_entity_in_xml: unc-116 (WormbaseLinkTasks::link_entity_in_xml [656])
[2013/11/28 16:20:24 INFO]       link_entity_in_xml: unc-116 (WormbaseLinkTasks::link_entity_in_xml [656])
[2013/11/28 16:20:24 INFO]       link_entity_in_xml: unc-116 (WormbaseLinkTasks::link_entity_in_xml [656])
[2013/11/28 16:20:24 INFO]       link_entity_in_xml: unc-116 (WormbaseLinkTasks::link_entity_in_xml [656])
[2013/11/28 16:20:24 INFO]       link_entity_in_xml: unc-116 (WormbaseLinkTasks::link_entity_in_xml [656])
[2013/11/28 16:20:24 INFO]       link_entity_in_xml: unc-116 (WormbaseLinkTasks::link_entity_in_xml [656])
[2013/11/28 16:20:24 INFO]       link_entity_in_xml: unc-116 (WormbaseLinkTasks::link_entity_in_xml [656])
[2013/11/28 16:20:24 INFO]       link_entity_in_xml: unc-116 (WormbaseLinkTasks::link_entity_in_xml [656])
[2013/11/28 16:20:24 INFO]       link_entity_in_xml: unc-116 (WormbaseLinkTasks::link_entity_in_xml [656])
[2013/11/28 16:20:24 INFO]       link_entity_in_xml: unc-116 (WormbaseLinkTasks::link_entity_in_xml [656])
[2013/11/28 16:20:24 INFO]       link_entity_in_xml: unc-116 (WormbaseLinkTasks::link_entity_in_xml [656])
[2013/11/28 16:20:24 INFO]       link_entity_in_xml: unc-116 (WormbaseLinkTasks::link_entity_in_xml [656])
[2013/11/28 16:20:24 INFO]       link_entity_in_xml: unc-116 (WormbaseLinkTasks::link_entity_in_xml [656])
[2013/11/28 16:20:24 INFO]       link_entity_in_xml: unc-116 (WormbaseLinkTasks::link_entity_in_xml [656])
[2013/11/28 16:20:24 INFO]       link_entity_in_xml: unc-116 (WormbaseLinkTasks::link_entity_in_xml [656])
[2013/11/28 16:20:24 INFO]       link_entity_in_xml: unc-116 (WormbaseLinkTasks::link_entity_in_xml [656])
[2013/11/28 16:20:24 INFO]       link_entity_in_xml: unc-116 (WormbaseLinkTasks::link_entity_in_xml [656])
[2013/11/28 16:20:24 INFO]       link_entity_in_xml: unc-116 (WormbaseLinkTasks::link_entity_in_xml [656])
[2013/11/28 16:20:24 INFO]       link_entity_in_xml: unc-116 (WormbaseLinkTasks::link_entity_in_xml [656])
[2013/11/28 16:20:24 INFO]       link_entity_in_xml: unc-116 (WormbaseLinkTasks::link_entity_in_xml [656])
[2013/11/28 16:20:24 INFO]       link_entity_in_xml: unc-116 (WormbaseLinkTasks::link_entity_in_xml [656])
[2013/11/28 16:20:24 INFO]       link_entity_in_xml: unc-116 (WormbaseLinkTasks::link_entity_in_xml [656])
[2013/11/28 16:20:24 INFO]       link_entity_in_xml: unc-116 (WormbaseLinkTasks::link_entity_in_xml [656])
[2013/11/28 16:20:24 INFO]       link_entity_in_xml: unc-116 (WormbaseLinkTasks::link_entity_in_xml [656])
[2013/11/28 16:20:24 INFO]       link_entity_in_xml: unc-116 (WormbaseLinkTasks::link_entity_in_xml [656])
[2013/11/28 16:20:24 INFO]       link_entity_in_xml: unc-116 (WormbaseLinkTasks::link_entity_in_xml [656])
[2013/11/28 16:20:24 INFO]       link_entity_in_xml: unc-116 (WormbaseLinkTasks::link_entity_in_xml [656])
[2013/11/28 16:20:24 INFO]       link_entity_in_xml: unc-116 (WormbaseLinkTasks::link_entity_in_xml [656])
[2013/11/28 16:20:24 INFO]       link_entity_in_xml: unc-116 (WormbaseLinkTasks::link_entity_in_xml [656])
[2013/11/28 16:20:24 INFO]       link_entity_in_xml: unc-116 (WormbaseLinkTasks::link_entity_in_xml [656])
[2013/11/28 16:20:24 INFO]       link_entity_in_xml: unc-116 (WormbaseLinkTasks::link_entity_in_xml [656])
[2013/11/28 16:20:24 INFO]       link_entity_in_xml: unc-116 (WormbaseLinkTasks::link_entity_in_xml [656])
[2013/11/28 16:20:24 INFO]       link_entity_in_xml: unc-116 (WormbaseLinkTasks::link_entity_in_xml [656])
[2013/11/28 16:20:24 INFO]       link_entity_in_xml: unc-116 (WormbaseLinkTasks::link_entity_in_xml [656])
[2013/11/28 16:20:24 INFO]       link_entity_in_xml: unc-116 (WormbaseLinkTasks::link_entity_in_xml [656])
[2013/11/28 16:20:24 INFO]       link_entity_in_xml: unc-116 (WormbaseLinkTasks::link_entity_in_xml [656])
[2013/11/28 16:20:24 INFO]       link_entity_in_xml: unc-116 (WormbaseLinkTasks::link_entity_in_xml [656])
[2013/11/28 16:20:24 INFO]       link_entity_in_xml: unc-116 (WormbaseLinkTasks::link_entity_in_xml [656])
[2013/11/28 16:20:24 INFO]       link_entity_in_xml: unc-116 (WormbaseLinkTasks::link_entity_in_xml [656])
[2013/11/28 16:20:24 INFO]       link_entity_in_xml: unc-116 (WormbaseLinkTasks::link_entity_in_xml [656])
[2013/11/28 16:20:24 INFO]       link_entity_in_xml: unc-116 (WormbaseLinkTasks::link_entity_in_xml [656])
[2013/11/28 16:20:24 INFO]       link_entity_in_xml: unc-116 (WormbaseLinkTasks::link_entity_in_xml [656])
[2013/11/28 16:20:24 INFO]       link_entity_in_xml: unc-116 (WormbaseLinkTasks::link_entity_in_xml [656])
[2013/11/28 16:20:24 INFO]       link_entity_in_xml: unc-116 (WormbaseLinkTasks::link_entity_in_xml [656])
[2013/11/28 16:20:24 INFO]       link_entity_in_xml: unc-116 (WormbaseLinkTasks::link_entity_in_xml [656])
[2013/11/28 16:20:24 INFO]       link_entity_in_xml: unc-116 (WormbaseLinkTasks::link_entity_in_xml [656])
[2013/11/28 16:20:24 INFO]       link_entity_in_xml: unc-116 (WormbaseLinkTasks::link_entity_in_xml [656])
[2013/11/28 16:20:24 INFO]       link_entity_in_xml: unc-116 (WormbaseLinkTasks::link_entity_in_xml [656])
[2013/11/28 16:20:24 INFO]       link_entity_in_xml: unc-116 (WormbaseLinkTasks::link_entity_in_xml [656])
[2013/11/28 16:20:24 INFO]       link_entity_in_xml: unc-116 (WormbaseLinkTasks::link_entity_in_xml [656])
[2013/11/28 16:20:24 INFO]       link_entity_in_xml: unc-116 (WormbaseLinkTasks::link_entity_in_xml [656])
[2013/11/28 16:20:24 INFO]       link_entity_in_xml: unc-116 (WormbaseLinkTasks::link_entity_in_xml [656])
[2013/11/28 16:20:24 INFO]       link_entity_in_xml: unc-116 (WormbaseLinkTasks::link_entity_in_xml [656])
[2013/11/28 16:20:24 INFO]       link_entity_in_xml: unc-116 (WormbaseLinkTasks::link_entity_in_xml [656])
[2013/11/28 16:20:24 INFO]       link_entity_in_xml: unc-116 (WormbaseLinkTasks::link_entity_in_xml [656])
[2013/11/28 16:20:24 INFO]       link_entity_in_xml: unc-116 (WormbaseLinkTasks::link_entity_in_xml [656])
[2013/11/28 16:20:24 INFO]       link_entity_in_xml: unc-116 (WormbaseLinkTasks::link_entity_in_xml [656])
[2013/11/28 16:20:24 INFO]       link_entity_in_xml: unc-116 (WormbaseLinkTasks::link_entity_in_xml [656])
[2013/11/28 16:20:24 INFO]       link_entity_in_xml: unc-116 (WormbaseLinkTasks::link_entity_in_xml [656])
[2013/11/28 16:20:24 INFO]       link_entity_in_xml: unc-116 (WormbaseLinkTasks::link_entity_in_xml [656])
[2013/11/28 16:20:24 INFO]       link_entity_in_xml: unc-116 (WormbaseLinkTasks::link_entity_in_xml [656])
[2013/11/28 16:20:24 INFO]       link_entity_in_xml: unc-116 (WormbaseLinkTasks::link_entity_in_xml [656])
[2013/11/28 16:20:24 INFO]       link_entity_in_xml: unc-116 (WormbaseLinkTasks::link_entity_in_xml [656])
[2013/11/28 16:20:24 INFO]       link_entity_in_xml: unc-116 (WormbaseLinkTasks::link_entity_in_xml [656])
[2013/11/28 16:20:24 INFO]       link_entity_in_xml: unc-116 (WormbaseLinkTasks::link_entity_in_xml [656])
[2013/11/28 16:20:24 INFO]       link_entity_in_xml: unc-116 (WormbaseLinkTasks::link_entity_in_xml [656])
[2013/11/28 16:20:24 INFO]       link_entity_in_xml: unc-116 (WormbaseLinkTasks::link_entity_in_xml [656])
[2013/11/28 16:20:24 INFO]       link_entity_in_xml: unc-116 (WormbaseLinkTasks::link_entity_in_xml [656])
[2013/11/28 16:20:25 INFO]    ... found Variation 'or283ts' (WormbaseLinkTasks::findAndLinkObjects [529])
[2013/11/28 16:20:27 INFO]    ... found Gene 'unc-104' (WormbaseLinkTasks::findAndLinkObjects [529])
[2013/11/28 16:20:27 INFO]       link_entity_in_xml: unc-104 (WormbaseLinkTasks::link_entity_in_xml [656])
[2013/11/28 16:20:28 INFO]    ... found Transgene 'wyIs155' (WormbaseLinkTasks::findAndLinkObjects [529])
[2013/11/28 16:20:28 INFO]       link_entity_in_xml: wyIs155 (WormbaseLinkTasks::link_entity_in_xml [656])
[2013/11/28 16:20:28 INFO]       link_entity_in_xml: wyIs155 (WormbaseLinkTasks::link_entity_in_xml [656])
[2013/11/28 16:20:29 INFO]    ... found Gene 'unc-122' (WormbaseLinkTasks::findAndLinkObjects [529])
[2013/11/28 16:20:29 INFO]       link_entity_in_xml: unc-122 (WormbaseLinkTasks::link_entity_in_xml [656])
[2013/11/28 16:20:29 INFO]       link_entity_in_xml: unc-122 (WormbaseLinkTasks::link_entity_in_xml [656])
[2013/11/28 16:20:29 INFO]       link_entity_in_xml: unc-122 (WormbaseLinkTasks::link_entity_in_xml [656])
[2013/11/28 16:20:29 INFO]       link_entity_in_xml: unc-122 (WormbaseLinkTasks::link_entity_in_xml [656])
[2013/11/28 16:20:30 INFO]    ... found Variation 'ok2609' (WormbaseLinkTasks::findAndLinkObjects [529])
[2013/11/28 16:20:31 INFO]    ... found Gene 'unc-40' (WormbaseLinkTasks::findAndLinkObjects [529])
[2013/11/28 16:20:31 INFO]       link_entity_in_xml: unc-40 (WormbaseLinkTasks::link_entity_in_xml [656])
[2013/11/28 16:20:31 INFO]       link_entity_in_xml: unc-40 (WormbaseLinkTasks::link_entity_in_xml [656])
[2013/11/28 16:20:31 INFO]       link_entity_in_xml: unc-40 (WormbaseLinkTasks::link_entity_in_xml [656])
[2013/11/28 16:20:31 INFO]       link_entity_in_xml: unc-40 (WormbaseLinkTasks::link_entity_in_xml [656])
[2013/11/28 16:20:31 INFO]       link_entity_in_xml: unc-40 (WormbaseLinkTasks::link_entity_in_xml [656])
[2013/11/28 16:20:31 INFO]       link_entity_in_xml: unc-40 (WormbaseLinkTasks::link_entity_in_xml [656])
[2013/11/28 16:20:31 INFO]       link_entity_in_xml: unc-40 (WormbaseLinkTasks::link_entity_in_xml [656])
[2013/11/28 16:20:31 INFO]       link_entity_in_xml: unc-40 (WormbaseLinkTasks::link_entity_in_xml [656])
[2013/11/28 16:20:31 INFO]       link_entity_in_xml: unc-40 (WormbaseLinkTasks::link_entity_in_xml [656])
[2013/11/28 16:20:31 INFO]       link_entity_in_xml: unc-40 (WormbaseLinkTasks::link_entity_in_xml [656])
[2013/11/28 16:20:31 INFO]       link_entity_in_xml: unc-40 (WormbaseLinkTasks::link_entity_in_xml [656])
[2013/11/28 16:20:31 INFO]    ... found Protein 'UNC-16' (WormbaseLinkTasks::findAndLinkObjects [529])
[2013/11/28 16:20:31 INFO]       link_entity_in_xml: UNC-16 (WormbaseLinkTasks::link_entity_in_xml [656])
[2013/11/28 16:20:31 INFO]       link_entity_in_xml: UNC-16 (WormbaseLinkTasks::link_entity_in_xml [656])
[2013/11/28 16:20:31 INFO]       link_entity_in_xml: UNC-16 (WormbaseLinkTasks::link_entity_in_xml [656])
[2013/11/28 16:20:31 INFO]    ... found Protein 'UNC-40' (WormbaseLinkTasks::findAndLinkObjects [529])
[2013/11/28 16:20:31 INFO]       link_entity_in_xml: UNC-40 (WormbaseLinkTasks::link_entity_in_xml [656])
[2013/11/28 16:20:31 INFO]       link_entity_in_xml: UNC-40 (WormbaseLinkTasks::link_entity_in_xml [656])
[2013/11/28 16:20:31 INFO]       link_entity_in_xml: UNC-40 (WormbaseLinkTasks::link_entity_in_xml [656])
[2013/11/28 16:20:31 INFO]       link_entity_in_xml: UNC-40 (WormbaseLinkTasks::link_entity_in_xml [656])
[2013/11/28 16:20:31 INFO]       link_entity_in_xml: UNC-40 (WormbaseLinkTasks::link_entity_in_xml [656])
[2013/11/28 16:20:31 INFO]       link_entity_in_xml: UNC-40 (WormbaseLinkTasks::link_entity_in_xml [656])
[2013/11/28 16:20:31 INFO]       link_entity_in_xml: UNC-40 (WormbaseLinkTasks::link_entity_in_xml [656])
[2013/11/28 16:20:31 INFO]       link_entity_in_xml: UNC-40 (WormbaseLinkTasks::link_entity_in_xml [656])
[2013/11/28 16:20:31 INFO]       link_entity_in_xml: UNC-40 (WormbaseLinkTasks::link_entity_in_xml [656])
[2013/11/28 16:20:31 INFO]       link_entity_in_xml: UNC-40 (WormbaseLinkTasks::link_entity_in_xml [656])
[2013/11/28 16:20:31 INFO]       link_entity_in_xml: UNC-40 (WormbaseLinkTasks::link_entity_in_xml [656])
[2013/11/28 16:20:31 INFO]       link_entity_in_xml: UNC-40 (WormbaseLinkTasks::link_entity_in_xml [656])
[2013/11/28 16:20:31 INFO]       link_entity_in_xml: UNC-40 (WormbaseLinkTasks::link_entity_in_xml [656])
[2013/11/28 16:20:31 INFO]       link_entity_in_xml: UNC-40 (WormbaseLinkTasks::link_entity_in_xml [656])
[2013/11/28 16:20:31 INFO]       link_entity_in_xml: UNC-40 (WormbaseLinkTasks::link_entity_in_xml [656])
[2013/11/28 16:20:31 INFO]       link_entity_in_xml: UNC-40 (WormbaseLinkTasks::link_entity_in_xml [656])
[2013/11/28 16:20:31 INFO]       link_entity_in_xml: UNC-40 (WormbaseLinkTasks::link_entity_in_xml [656])
[2013/11/28 16:20:31 INFO]       link_entity_in_xml: UNC-40 (WormbaseLinkTasks::link_entity_in_xml [656])
[2013/11/28 16:20:31 INFO]    ... found Protein 'UNC-34' (WormbaseLinkTasks::findAndLinkObjects [529])
[2013/11/28 16:20:31 INFO]       link_entity_in_xml: UNC-34 (WormbaseLinkTasks::link_entity_in_xml [656])
[2013/11/28 16:20:31 INFO]       link_entity_in_xml: UNC-34 (WormbaseLinkTasks::link_entity_in_xml [656])
[2013/11/28 16:20:31 INFO]       link_entity_in_xml: UNC-34 (WormbaseLinkTasks::link_entity_in_xml [656])
[2013/11/28 16:20:31 INFO]       link_entity_in_xml: UNC-34 (WormbaseLinkTasks::link_entity_in_xml [656])
[2013/11/28 16:20:31 INFO]       link_entity_in_xml: UNC-34 (WormbaseLinkTasks::link_entity_in_xml [656])
[2013/11/28 16:20:31 INFO]       link_entity_in_xml: UNC-34 (WormbaseLinkTasks::link_entity_in_xml [656])
[2013/11/28 16:20:31 INFO]       link_entity_in_xml: UNC-34 (WormbaseLinkTasks::link_entity_in_xml [656])
[2013/11/28 16:20:31 INFO]    ... found Gene 'egl-20' (WormbaseLinkTasks::findAndLinkObjects [529])
[2013/11/28 16:20:31 INFO]       link_entity_in_xml: egl-20 (WormbaseLinkTasks::link_entity_in_xml [656])
[2013/11/28 16:20:31 INFO]       link_entity_in_xml: egl-20 (WormbaseLinkTasks::link_entity_in_xml [656])
[2013/11/28 16:20:31 INFO]       link_entity_in_xml: egl-20 (WormbaseLinkTasks::link_entity_in_xml [656])
[2013/11/28 16:20:31 INFO]       link_entity_in_xml: egl-20 (WormbaseLinkTasks::link_entity_in_xml [656])
[2013/11/28 16:20:31 INFO]       link_entity_in_xml: egl-20 (WormbaseLinkTasks::link_entity_in_xml [656])
[2013/11/28 16:20:31 INFO]       link_entity_in_xml: egl-20 (WormbaseLinkTasks::link_entity_in_xml [656])
[2013/11/28 16:20:31 INFO]       link_entity_in_xml: egl-20 (WormbaseLinkTasks::link_entity_in_xml [656])
[2013/11/28 16:20:31 INFO]       link_entity_in_xml: egl-20 (WormbaseLinkTasks::link_entity_in_xml [656])
[2013/11/28 16:20:31 INFO]       link_entity_in_xml: egl-20 (WormbaseLinkTasks::link_entity_in_xml [656])
[2013/11/28 16:20:31 INFO]       link_entity_in_xml: egl-20 (WormbaseLinkTasks::link_entity_in_xml [656])
[2013/11/28 16:20:31 INFO]       link_entity_in_xml: egl-20 (WormbaseLinkTasks::link_entity_in_xml [656])
[2013/11/28 16:20:31 INFO]       link_entity_in_xml: egl-20 (WormbaseLinkTasks::link_entity_in_xml [656])
[2013/11/28 16:20:31 INFO]    ... found Protein 'UNC-83' (WormbaseLinkTasks::findAndLinkObjects [529])
[2013/11/28 16:20:31 INFO]       link_entity_in_xml: UNC-83 (WormbaseLinkTasks::link_entity_in_xml [656])
[2013/11/28 16:20:31 INFO]       link_entity_in_xml: UNC-83 (WormbaseLinkTasks::link_entity_in_xml [656])
[2013/11/28 16:20:32 INFO]    ... found Gene 'unc-34' (WormbaseLinkTasks::findAndLinkObjects [529])
[2013/11/28 16:20:32 INFO]       link_entity_in_xml: unc-34 (WormbaseLinkTasks::link_entity_in_xml [656])
[2013/11/28 16:20:32 INFO]       link_entity_in_xml: unc-34 (WormbaseLinkTasks::link_entity_in_xml [656])
[2013/11/28 16:20:32 INFO]       link_entity_in_xml: unc-34 (WormbaseLinkTasks::link_entity_in_xml [656])
[2013/11/28 16:20:32 INFO]       link_entity_in_xml: unc-34 (WormbaseLinkTasks::link_entity_in_xml [656])
[2013/11/28 16:20:32 INFO]       link_entity_in_xml: unc-34 (WormbaseLinkTasks::link_entity_in_xml [656])
[2013/11/28 16:20:32 INFO]       link_entity_in_xml: unc-34 (WormbaseLinkTasks::link_entity_in_xml [656])
[2013/11/28 16:20:32 INFO]       link_entity_in_xml: unc-34 (WormbaseLinkTasks::link_entity_in_xml [656])
[2013/11/28 16:20:32 INFO]    ... found Protein 'MIG-10' (WormbaseLinkTasks::findAndLinkObjects [529])
[2013/11/28 16:20:32 INFO]       link_entity_in_xml: MIG-10 (WormbaseLinkTasks::link_entity_in_xml [656])
[2013/11/28 16:20:32 INFO]       link_entity_in_xml: MIG-10 (WormbaseLinkTasks::link_entity_in_xml [656])
[2013/11/28 16:20:32 INFO]    ... found Gene 'ced-10' (WormbaseLinkTasks::findAndLinkObjects [529])
[2013/11/28 16:20:32 INFO]       link_entity_in_xml: ced-10 (WormbaseLinkTasks::link_entity_in_xml [656])
[2013/11/28 16:20:33 INFO]    ... found Gene 'egl-15' (WormbaseLinkTasks::findAndLinkObjects [529])
[2013/11/28 16:20:33 INFO]       link_entity_in_xml: egl-15 (WormbaseLinkTasks::link_entity_in_xml [656])
[2013/11/28 16:20:33 INFO]       link_entity_in_xml: egl-15 (WormbaseLinkTasks::link_entity_in_xml [656])
[2013/11/28 16:20:33 INFO]       link_entity_in_xml: egl-15 (WormbaseLinkTasks::link_entity_in_xml [656])
[2013/11/28 16:20:33 INFO]       link_entity_in_xml: egl-15 (WormbaseLinkTasks::link_entity_in_xml [656])
[2013/11/28 16:20:33 INFO]    ... found Gene 'unc-16' (WormbaseLinkTasks::findAndLinkObjects [529])
[2013/11/28 16:20:33 INFO]       link_entity_in_xml: unc-16 (WormbaseLinkTasks::link_entity_in_xml [656])
[2013/11/28 16:20:33 INFO]    ... found Gene 'unc-44' (WormbaseLinkTasks::findAndLinkObjects [529])
[2013/11/28 16:20:33 INFO]       link_entity_in_xml: unc-44 (WormbaseLinkTasks::link_entity_in_xml [656])
[2013/11/28 16:20:33 INFO]       link_entity_in_xml: unc-44 (WormbaseLinkTasks::link_entity_in_xml [656])
[2013/11/28 16:20:33 INFO]       link_entity_in_xml: unc-44 (WormbaseLinkTasks::link_entity_in_xml [656])
[2013/11/28 16:20:33 INFO]       link_entity_in_xml: unc-44 (WormbaseLinkTasks::link_entity_in_xml [656])
[2013/11/28 16:20:33 INFO]       link_entity_in_xml: unc-44 (WormbaseLinkTasks::link_entity_in_xml [656])
[2013/11/28 16:20:33 INFO]       link_entity_in_xml: unc-44 (WormbaseLinkTasks::link_entity_in_xml [656])
[2013/11/28 16:20:33 INFO]       link_entity_in_xml: unc-44 (WormbaseLinkTasks::link_entity_in_xml [656])
[2013/11/28 16:20:33 INFO]    ... found Gene 'unc-69' (WormbaseLinkTasks::findAndLinkObjects [529])
[2013/11/28 16:20:33 INFO]       link_entity_in_xml: unc-69 (WormbaseLinkTasks::link_entity_in_xml [656])
[2013/11/28 16:20:33 INFO]       link_entity_in_xml: unc-69 (WormbaseLinkTasks::link_entity_in_xml [656])
[2013/11/28 16:20:33 INFO]       link_entity_in_xml: unc-69 (WormbaseLinkTasks::link_entity_in_xml [656])
[2013/11/28 16:20:33 INFO]       link_entity_in_xml: unc-69 (WormbaseLinkTasks::link_entity_in_xml [656])
[2013/11/28 16:20:33 INFO]       link_entity_in_xml: unc-69 (WormbaseLinkTasks::link_entity_in_xml [656])
[2013/11/28 16:20:33 INFO]       link_entity_in_xml: unc-69 (WormbaseLinkTasks::link_entity_in_xml [656])
[2013/11/28 16:20:33 INFO]       link_entity_in_xml: unc-69 (WormbaseLinkTasks::link_entity_in_xml [656])
[2013/11/28 16:20:33 INFO]    ... found Gene 'unc-51' (WormbaseLinkTasks::findAndLinkObjects [529])
[2013/11/28 16:20:33 INFO]       link_entity_in_xml: unc-51 (WormbaseLinkTasks::link_entity_in_xml [656])
[2013/11/28 16:20:33 INFO]       link_entity_in_xml: unc-51 (WormbaseLinkTasks::link_entity_in_xml [656])
[2013/11/28 16:20:33 INFO]       link_entity_in_xml: unc-51 (WormbaseLinkTasks::link_entity_in_xml [656])
[2013/11/28 16:20:33 INFO]       link_entity_in_xml: unc-51 (WormbaseLinkTasks::link_entity_in_xml [656])
[2013/11/28 16:20:33 INFO]       link_entity_in_xml: unc-51 (WormbaseLinkTasks::link_entity_in_xml [656])
[2013/11/28 16:20:33 INFO]       link_entity_in_xml: unc-51 (WormbaseLinkTasks::link_entity_in_xml [656])
[2013/11/28 16:20:33 INFO]       link_entity_in_xml: unc-51 (WormbaseLinkTasks::link_entity_in_xml [656])
[2013/11/28 16:20:33 INFO]    ... found Gene 'unc-33' (WormbaseLinkTasks::findAndLinkObjects [529])
[2013/11/28 16:20:33 INFO]       link_entity_in_xml: unc-33 (WormbaseLinkTasks::link_entity_in_xml [656])
[2013/11/28 16:20:33 INFO]       link_entity_in_xml: unc-33 (WormbaseLinkTasks::link_entity_in_xml [656])
[2013/11/28 16:20:33 INFO]       link_entity_in_xml: unc-33 (WormbaseLinkTasks::link_entity_in_xml [656])
[2013/11/28 16:20:34 INFO]       link_entity_in_xml: unc-33 (WormbaseLinkTasks::link_entity_in_xml [656])
[2013/11/28 16:20:34 INFO]       link_entity_in_xml: unc-33 (WormbaseLinkTasks::link_entity_in_xml [656])
[2013/11/28 16:20:34 INFO]       link_entity_in_xml: unc-33 (WormbaseLinkTasks::link_entity_in_xml [656])
[2013/11/28 16:20:34 INFO]       link_entity_in_xml: unc-33 (WormbaseLinkTasks::link_entity_in_xml [656])
[2013/11/28 16:20:34 INFO]       link_entity_in_xml: unc-33 (WormbaseLinkTasks::link_entity_in_xml [656])
[2013/11/28 16:20:34 INFO]       link_entity_in_xml: unc-33 (WormbaseLinkTasks::link_entity_in_xml [656])
[2013/11/28 16:20:34 INFO]    ... found Protein 'CED-10' (WormbaseLinkTasks::findAndLinkObjects [529])
[2013/11/28 16:20:34 INFO]       link_entity_in_xml: CED-10 (WormbaseLinkTasks::link_entity_in_xml [656])
[2013/11/28 16:20:34 INFO]    ... found Protein 'LIN-17' (WormbaseLinkTasks::findAndLinkObjects [529])
[2013/11/28 16:20:34 INFO]       link_entity_in_xml: LIN-17 (WormbaseLinkTasks::link_entity_in_xml [656])
[2013/11/28 16:20:34 INFO]    ... found Protein 'EGL-20' (WormbaseLinkTasks::findAndLinkObjects [529])
[2013/11/28 16:20:34 INFO]       link_entity_in_xml: EGL-20 (WormbaseLinkTasks::link_entity_in_xml [656])
[2013/11/28 16:20:34 INFO]    ... found Gene 'lin-17' (WormbaseLinkTasks::findAndLinkObjects [529])
[2013/11/28 16:20:34 INFO]       link_entity_in_xml: lin-17 (WormbaseLinkTasks::link_entity_in_xml [656])
[2013/11/28 16:20:34 INFO]    ... found Gene 'lin-44' (WormbaseLinkTasks::findAndLinkObjects [529])
[2013/11/28 16:20:34 INFO]       link_entity_in_xml: lin-44 (WormbaseLinkTasks::link_entity_in_xml [656])
[2013/11/28 16:20:34 INFO]       link_entity_in_xml: lin-44 (WormbaseLinkTasks::link_entity_in_xml [656])
[2013/11/28 16:20:34 INFO]       link_entity_in_xml: lin-44 (WormbaseLinkTasks::link_entity_in_xml [656])
[2013/11/28 16:20:34 INFO]       link_entity_in_xml: lin-44 (WormbaseLinkTasks::link_entity_in_xml [656])
[2013/11/28 16:20:34 INFO]    ... found Transgene 'otIs45' (WormbaseLinkTasks::findAndLinkObjects [529])
[2013/11/28 16:20:34 INFO]       link_entity_in_xml: otIs45 (WormbaseLinkTasks::link_entity_in_xml [656])
[2013/11/28 16:20:34 INFO]       link_entity_in_xml: otIs45 (WormbaseLinkTasks::link_entity_in_xml [656])
[2013/11/28 16:20:34 INFO]    ... found Protein 'UNC-44' (WormbaseLinkTasks::findAndLinkObjects [529])
[2013/11/28 16:20:34 INFO]       link_entity_in_xml: UNC-44 (WormbaseLinkTasks::link_entity_in_xml [656])
[2013/11/28 16:20:34 INFO]       link_entity_in_xml: UNC-44 (WormbaseLinkTasks::link_entity_in_xml [656])
[2013/11/28 16:20:34 INFO]       link_entity_in_xml: UNC-44 (WormbaseLinkTasks::link_entity_in_xml [656])
[2013/11/28 16:20:34 INFO]       link_entity_in_xml: UNC-44 (WormbaseLinkTasks::link_entity_in_xml [656])
[2013/11/28 16:20:34 INFO]       link_entity_in_xml: UNC-44 (WormbaseLinkTasks::link_entity_in_xml [656])
[2013/11/28 16:20:34 INFO]    ... found Variation 'ok2777' (WormbaseLinkTasks::findAndLinkObjects [529])
[2013/11/28 16:20:34 INFO]    ... found Variation 'ok3308' (WormbaseLinkTasks::findAndLinkObjects [529])
[2013/11/28 16:20:34 INFO]    ... found Gene 'unc-14' (WormbaseLinkTasks::findAndLinkObjects [529])
[2013/11/28 16:20:34 INFO]       link_entity_in_xml: unc-14 (WormbaseLinkTasks::link_entity_in_xml [656])
[2013/11/28 16:20:34 INFO]       link_entity_in_xml: unc-14 (WormbaseLinkTasks::link_entity_in_xml [656])
[2013/11/28 16:20:35 INFO]    ... found Protein 'MIG-15' (WormbaseLinkTasks::findAndLinkObjects [529])
[2013/11/28 16:20:35 INFO]       link_entity_in_xml: MIG-15 (WormbaseLinkTasks::link_entity_in_xml [656])
[2013/11/28 16:20:35 INFO]       link_entity_in_xml: MIG-15 (WormbaseLinkTasks::link_entity_in_xml [656])
[2013/11/28 16:20:35 INFO]       link_entity_in_xml: MIG-15 (WormbaseLinkTasks::link_entity_in_xml [656])
[2013/11/28 16:20:35 INFO]       link_entity_in_xml: MIG-15 (WormbaseLinkTasks::link_entity_in_xml [656])
[2013/11/28 16:20:35 INFO]    ... found Protein 'UNC-33' (WormbaseLinkTasks::findAndLinkObjects [529])
[2013/11/28 16:20:35 INFO]       link_entity_in_xml: UNC-33 (WormbaseLinkTasks::link_entity_in_xml [656])
[2013/11/28 16:20:35 INFO]       link_entity_in_xml: UNC-33 (WormbaseLinkTasks::link_entity_in_xml [656])
[2013/11/28 16:20:35 INFO]       link_entity_in_xml: UNC-33 (WormbaseLinkTasks::link_entity_in_xml [656])
[2013/11/28 16:20:35 INFO]       link_entity_in_xml: UNC-33 (WormbaseLinkTasks::link_entity_in_xml [656])
[2013/11/28 16:20:35 INFO]       link_entity_in_xml: UNC-33 (WormbaseLinkTasks::link_entity_in_xml [656])
[2013/11/28 16:20:35 INFO]       link_entity_in_xml: UNC-33 (WormbaseLinkTasks::link_entity_in_xml [656])
[2013/11/28 16:20:35 INFO]       link_entity_in_xml: UNC-33 (WormbaseLinkTasks::link_entity_in_xml [656])
[2013/11/28 16:20:35 INFO]       link_entity_in_xml: UNC-33 (WormbaseLinkTasks::link_entity_in_xml [656])
[2013/11/28 16:20:35 INFO]       link_entity_in_xml: UNC-33 (WormbaseLinkTasks::link_entity_in_xml [656])
[2013/11/28 16:20:35 INFO]       link_entity_in_xml: UNC-33 (WormbaseLinkTasks::link_entity_in_xml [656])
[2013/11/28 16:20:35 INFO]    ... found Protein 'UNC-14' (WormbaseLinkTasks::findAndLinkObjects [529])
[2013/11/28 16:20:35 INFO]       link_entity_in_xml: UNC-14 (WormbaseLinkTasks::link_entity_in_xml [656])
[2013/11/28 16:20:35 INFO]       link_entity_in_xml: UNC-14 (WormbaseLinkTasks::link_entity_in_xml [656])
[2013/11/28 16:20:35 INFO]       link_entity_in_xml: UNC-14 (WormbaseLinkTasks::link_entity_in_xml [656])
[2013/11/28 16:20:35 INFO]       link_entity_in_xml: UNC-14 (WormbaseLinkTasks::link_entity_in_xml [656])
[2013/11/28 16:20:35 INFO]       link_entity_in_xml: UNC-14 (WormbaseLinkTasks::link_entity_in_xml [656])
[2013/11/28 16:20:35 INFO]       link_entity_in_xml: UNC-14 (WormbaseLinkTasks::link_entity_in_xml [656])
[2013/11/28 16:20:35 INFO]       link_entity_in_xml: UNC-14 (WormbaseLinkTasks::link_entity_in_xml [656])
[2013/11/28 16:20:35 INFO]       link_entity_in_xml: UNC-14 (WormbaseLinkTasks::link_entity_in_xml [656])
[2013/11/28 16:20:35 INFO]    ... found Protein 'KLP-11' (WormbaseLinkTasks::findAndLinkObjects [529])
[2013/11/28 16:20:35 INFO]       link_entity_in_xml: KLP-11 (WormbaseLinkTasks::link_entity_in_xml [656])
[2013/11/28 16:20:36 INFO]    ... found Variation 'ok1201' (WormbaseLinkTasks::findAndLinkObjects [529])
[2013/11/28 16:20:36 INFO]    ... found Gene 'klp-11' (WormbaseLinkTasks::findAndLinkObjects [529])
[2013/11/28 16:20:36 INFO]       link_entity_in_xml: klp-11 (WormbaseLinkTasks::link_entity_in_xml [656])
[2013/11/28 16:20:36 INFO]       link_entity_in_xml: klp-11 (WormbaseLinkTasks::link_entity_in_xml [656])
[2013/11/28 16:20:36 INFO]    ... found Gene 'mig-15' (WormbaseLinkTasks::findAndLinkObjects [529])
[2013/11/28 16:20:36 INFO]       link_entity_in_xml: mig-15 (WormbaseLinkTasks::link_entity_in_xml [656])
[2013/11/28 16:20:36 INFO]    ... found Gene 'unc-76' (WormbaseLinkTasks::findAndLinkObjects [529])
[2013/11/28 16:20:36 INFO]       link_entity_in_xml: unc-76 (WormbaseLinkTasks::link_entity_in_xml [656])
[2013/11/28 16:20:36 INFO]       link_entity_in_xml: unc-76 (WormbaseLinkTasks::link_entity_in_xml [656])
[2013/11/28 16:20:36 INFO]       link_entity_in_xml: unc-76 (WormbaseLinkTasks::link_entity_in_xml [656])
[2013/11/28 16:20:36 INFO]       link_entity_in_xml: unc-76 (WormbaseLinkTasks::link_entity_in_xml [656])
[2013/11/28 16:20:36 INFO]       link_entity_in_xml: unc-76 (WormbaseLinkTasks::link_entity_in_xml [656])
[2013/11/28 16:20:36 INFO]       link_entity_in_xml: unc-76 (WormbaseLinkTasks::link_entity_in_xml [656])
[2013/11/28 16:20:36 INFO]       link_entity_in_xml: unc-76 (WormbaseLinkTasks::link_entity_in_xml [656])
[2013/11/28 16:20:36 INFO]       link_entity_in_xml: unc-76 (WormbaseLinkTasks::link_entity_in_xml [656])
[2013/11/28 16:20:36 INFO]       link_entity_in_xml: unc-76 (WormbaseLinkTasks::link_entity_in_xml [656])
[2013/11/28 16:20:36 INFO]    ... found Protein 'UNC-51' (WormbaseLinkTasks::findAndLinkObjects [529])
[2013/11/28 16:20:36 INFO]       link_entity_in_xml: UNC-51 (WormbaseLinkTasks::link_entity_in_xml [656])
[2013/11/28 16:20:36 INFO]       link_entity_in_xml: UNC-51 (WormbaseLinkTasks::link_entity_in_xml [656])
[2013/11/28 16:20:36 INFO]       link_entity_in_xml: UNC-51 (WormbaseLinkTasks::link_entity_in_xml [656])
[2013/11/28 16:20:36 INFO]       link_entity_in_xml: UNC-51 (WormbaseLinkTasks::link_entity_in_xml [656])
[2013/11/28 16:20:36 INFO]       link_entity_in_xml: UNC-51 (WormbaseLinkTasks::link_entity_in_xml [656])
[2013/11/28 16:20:37 INFO]       link_entity_in_xml: UNC-51 (WormbaseLinkTasks::link_entity_in_xml [656])
[2013/11/28 16:20:37 INFO]       link_entity_in_xml: UNC-51 (WormbaseLinkTasks::link_entity_in_xml [656])
[2013/11/28 16:20:37 INFO]       link_entity_in_xml: UNC-51 (WormbaseLinkTasks::link_entity_in_xml [656])
[2013/11/28 16:20:37 INFO]       link_entity_in_xml: UNC-51 (WormbaseLinkTasks::link_entity_in_xml [656])
[2013/11/28 16:20:37 INFO]       link_entity_in_xml: UNC-51 (WormbaseLinkTasks::link_entity_in_xml [656])
[2013/11/28 16:20:37 INFO]    ... found Gene 'flp-18' (WormbaseLinkTasks::findAndLinkObjects [529])
[2013/11/28 16:20:37 INFO]       link_entity_in_xml: flp-18 (WormbaseLinkTasks::link_entity_in_xml [656])
[2013/11/28 16:20:37 INFO]       link_entity_in_xml: flp-18 (WormbaseLinkTasks::link_entity_in_xml [656])
[2013/11/28 16:20:37 INFO]       link_entity_in_xml: flp-18 (WormbaseLinkTasks::link_entity_in_xml [656])
[2013/11/28 16:20:37 INFO]       link_entity_in_xml: flp-18 (WormbaseLinkTasks::link_entity_in_xml [656])
[2013/11/28 16:20:37 INFO]    ... found Protein 'BICD-1' (WormbaseLinkTasks::findAndLinkObjects [529])
[2013/11/28 16:20:37 INFO]       link_entity_in_xml: BICD-1 (WormbaseLinkTasks::link_entity_in_xml [656])
[2013/11/28 16:20:37 INFO]    ... found Gene 'egl-17' (WormbaseLinkTasks::findAndLinkObjects [529])
[2013/11/28 16:20:37 INFO]       link_entity_in_xml: egl-17 (WormbaseLinkTasks::link_entity_in_xml [656])
[2013/11/28 16:20:37 INFO]       link_entity_in_xml: egl-17 (WormbaseLinkTasks::link_entity_in_xml [656])
[2013/11/28 16:20:37 INFO]       link_entity_in_xml: egl-17 (WormbaseLinkTasks::link_entity_in_xml [656])
[2013/11/28 16:20:37 INFO]       link_entity_in_xml: egl-17 (WormbaseLinkTasks::link_entity_in_xml [656])
[2013/11/28 16:20:38 INFO]    ... found Protein 'LIN-44' (WormbaseLinkTasks::findAndLinkObjects [529])
[2013/11/28 16:20:38 INFO]       link_entity_in_xml: LIN-44 (WormbaseLinkTasks::link_entity_in_xml [656])
[2013/11/28 16:20:38 INFO]    ... found Protein 'UNC-76' (WormbaseLinkTasks::findAndLinkObjects [529])
[2013/11/28 16:20:38 INFO]       link_entity_in_xml: UNC-76 (WormbaseLinkTasks::link_entity_in_xml [656])
[2013/11/28 16:20:38 INFO]       link_entity_in_xml: UNC-76 (WormbaseLinkTasks::link_entity_in_xml [656])
[2013/11/28 16:20:38 INFO]       link_entity_in_xml: UNC-76 (WormbaseLinkTasks::link_entity_in_xml [656])
[2013/11/28 16:20:38 INFO]       link_entity_in_xml: UNC-76 (WormbaseLinkTasks::link_entity_in_xml [656])
[2013/11/28 16:20:38 INFO]       link_entity_in_xml: UNC-76 (WormbaseLinkTasks::link_entity_in_xml [656])
[2013/11/28 16:20:38 INFO]       link_entity_in_xml: UNC-76 (WormbaseLinkTasks::link_entity_in_xml [656])
[2013/11/28 16:20:38 INFO]       link_entity_in_xml: UNC-76 (WormbaseLinkTasks::link_entity_in_xml [656])
[2013/11/28 16:20:38 INFO]       link_entity_in_xml: UNC-76 (WormbaseLinkTasks::link_entity_in_xml [656])
[2013/11/28 16:20:38 INFO]       link_entity_in_xml: UNC-76 (WormbaseLinkTasks::link_entity_in_xml [656])
[2013/11/28 16:20:38 INFO]       link_entity_in_xml: UNC-76 (WormbaseLinkTasks::link_entity_in_xml [656])
[2013/11/28 16:20:38 INFO]       link_entity_in_xml: UNC-76 (WormbaseLinkTasks::link_entity_in_xml [656])
[2013/11/28 16:20:38 INFO]       link_entity_in_xml: UNC-76 (WormbaseLinkTasks::link_entity_in_xml [656])
[2013/11/28 16:20:38 INFO]       link_entity_in_xml: UNC-76 (WormbaseLinkTasks::link_entity_in_xml [656])
[2013/11/28 16:20:38 INFO]    ... found Gene 'mig-10' (WormbaseLinkTasks::findAndLinkObjects [529])
[2013/11/28 16:20:38 INFO]       link_entity_in_xml: mig-10 (WormbaseLinkTasks::link_entity_in_xml [656])
[2013/11/28 16:20:38 INFO]    ... found Protein 'UNC-69' (WormbaseLinkTasks::findAndLinkObjects [529])
[2013/11/28 16:20:38 INFO]       link_entity_in_xml: UNC-69 (WormbaseLinkTasks::link_entity_in_xml [656])
[2013/11/28 16:20:38 INFO]       link_entity_in_xml: UNC-69 (WormbaseLinkTasks::link_entity_in_xml [656])
[2013/11/28 16:20:38 INFO]       link_entity_in_xml: UNC-69 (WormbaseLinkTasks::link_entity_in_xml [656])
[2013/11/28 16:20:38 INFO]       link_entity_in_xml: UNC-69 (WormbaseLinkTasks::link_entity_in_xml [656])
[2013/11/28 16:20:38 INFO]       link_entity_in_xml: UNC-69 (WormbaseLinkTasks::link_entity_in_xml [656])
[2013/11/28 16:20:38 INFO]       link_entity_in_xml: UNC-69 (WormbaseLinkTasks::link_entity_in_xml [656])
[2013/11/28 16:20:38 INFO]       link_entity_in_xml: UNC-69 (WormbaseLinkTasks::link_entity_in_xml [656])
[2013/11/28 16:20:38 INFO]       link_entity_in_xml: UNC-69 (WormbaseLinkTasks::link_entity_in_xml [656])
[2013/11/28 16:20:38 INFO]       link_entity_in_xml: UNC-69 (WormbaseLinkTasks::link_entity_in_xml [656])
[2013/11/28 16:20:38 INFO]       link_entity_in_xml: UNC-69 (WormbaseLinkTasks::link_entity_in_xml [656])
[2013/11/28 16:20:39 INFO]    ... found Gene 'unc-73' (WormbaseLinkTasks::findAndLinkObjects [529])
[2013/11/28 16:20:39 INFO]       link_entity_in_xml: unc-73 (WormbaseLinkTasks::link_entity_in_xml [656])
[2013/11/28 16:20:39 INFO]    ... found Protein 'UNC-73' (WormbaseLinkTasks::findAndLinkObjects [529])
[2013/11/28 16:20:39 INFO]       link_entity_in_xml: UNC-73 (WormbaseLinkTasks::link_entity_in_xml [656])
[2013/11/28 16:20:39 INFO]       link_entity_in_xml: UNC-73 (WormbaseLinkTasks::link_entity_in_xml [656])
[2013/11/28 16:20:39 INFO]    ... found Variation 'gm104' (WormbaseLinkTasks::findAndLinkObjects [529])
[2013/11/28 16:20:39 INFO]    ... found Protein 'KCA-1' (WormbaseLinkTasks::findAndLinkObjects [529])
[2013/11/28 16:20:39 INFO]       link_entity_in_xml: KCA-1 (WormbaseLinkTasks::link_entity_in_xml [656])
[2013/11/28 16:20:39 INFO]       link_entity_in_xml: KCA-1 (WormbaseLinkTasks::link_entity_in_xml [656])
[2013/11/28 16:20:39 INFO]       link_entity_in_xml: KCA-1 (WormbaseLinkTasks::link_entity_in_xml [656])
[2013/11/28 16:20:39 INFO]    ... found Variation 'e2310' (WormbaseLinkTasks::findAndLinkObjects [529])
[2013/11/28 16:20:39 INFO]    ... found Gene 'cfz-2' (WormbaseLinkTasks::findAndLinkObjects [529])
[2013/11/28 16:20:39 INFO]       link_entity_in_xml: cfz-2 (WormbaseLinkTasks::link_entity_in_xml [656])
[2013/11/28 16:20:39 INFO]       link_entity_in_xml: cfz-2 (WormbaseLinkTasks::link_entity_in_xml [656])
[2013/11/28 16:20:39 INFO]    ... found Gene 'mom-5' (WormbaseLinkTasks::findAndLinkObjects [529])
[2013/11/28 16:20:39 INFO]       link_entity_in_xml: mom-5 (WormbaseLinkTasks::link_entity_in_xml [656])
[2013/11/28 16:20:39 INFO]       link_entity_in_xml: mom-5 (WormbaseLinkTasks::link_entity_in_xml [656])
[2013/11/28 16:20:39 INFO]    ... found Gene 'osm-3' (WormbaseLinkTasks::findAndLinkObjects [529])
[2013/11/28 16:20:39 INFO]       link_entity_in_xml: osm-3 (WormbaseLinkTasks::link_entity_in_xml [656])
[2013/11/28 16:20:39 INFO]    ... found Protein 'CFZ-2' (WormbaseLinkTasks::findAndLinkObjects [529])
[2013/11/28 16:20:39 INFO]       link_entity_in_xml: CFZ-2 (WormbaseLinkTasks::link_entity_in_xml [656])
[2013/11/28 16:20:39 INFO]    ... found Variation 'cg121' (WormbaseLinkTasks::findAndLinkObjects [529])
[2013/11/28 16:20:40 INFO]    ... found Protein 'UNC-6' (WormbaseLinkTasks::findAndLinkObjects [529])
[2013/11/28 16:20:40 INFO]       link_entity_in_xml: UNC-6 (WormbaseLinkTasks::link_entity_in_xml [656])
[2013/11/28 16:20:40 INFO]       link_entity_in_xml: UNC-6 (WormbaseLinkTasks::link_entity_in_xml [656])
[2013/11/28 16:20:40 INFO]       link_entity_in_xml: UNC-6 (WormbaseLinkTasks::link_entity_in_xml [656])
[2013/11/28 16:20:40 INFO]       link_entity_in_xml: UNC-6 (WormbaseLinkTasks::link_entity_in_xml [656])
[2013/11/28 16:20:40 INFO]       link_entity_in_xml: UNC-6 (WormbaseLinkTasks::link_entity_in_xml [656])
[2013/11/28 16:20:40 INFO]       link_entity_in_xml: UNC-6 (WormbaseLinkTasks::link_entity_in_xml [656])
[2013/11/28 16:20:40 INFO]       link_entity_in_xml: UNC-6 (WormbaseLinkTasks::link_entity_in_xml [656])
[2013/11/28 16:20:40 INFO]       link_entity_in_xml: UNC-6 (WormbaseLinkTasks::link_entity_in_xml [656])
[2013/11/28 16:20:40 INFO]       link_entity_in_xml: UNC-6 (WormbaseLinkTasks::link_entity_in_xml [656])
[2013/11/28 16:20:40 INFO]       link_entity_in_xml: UNC-6 (WormbaseLinkTasks::link_entity_in_xml [656])
[2013/11/28 16:20:40 INFO]       link_entity_in_xml: UNC-6 (WormbaseLinkTasks::link_entity_in_xml [656])
[2013/11/28 16:20:40 INFO]       link_entity_in_xml: UNC-6 (WormbaseLinkTasks::link_entity_in_xml [656])
[2013/11/28 16:20:40 INFO]       link_entity_in_xml: UNC-6 (WormbaseLinkTasks::link_entity_in_xml [656])
[2013/11/28 16:20:40 INFO]       link_entity_in_xml: UNC-6 (WormbaseLinkTasks::link_entity_in_xml [656])
[2013/11/28 16:20:40 INFO]       link_entity_in_xml: UNC-6 (WormbaseLinkTasks::link_entity_in_xml [656])
[2013/11/28 16:20:40 INFO]       link_entity_in_xml: UNC-6 (WormbaseLinkTasks::link_entity_in_xml [656])
[2013/11/28 16:20:40 INFO]       link_entity_in_xml: UNC-6 (WormbaseLinkTasks::link_entity_in_xml [656])
[2013/11/28 16:20:40 INFO]       link_entity_in_xml: UNC-6 (WormbaseLinkTasks::link_entity_in_xml [656])
[2013/11/28 16:20:40 INFO]       link_entity_in_xml: UNC-6 (WormbaseLinkTasks::link_entity_in_xml [656])
[2013/11/28 16:20:40 INFO]       link_entity_in_xml: UNC-6 (WormbaseLinkTasks::link_entity_in_xml [656])
[2013/11/28 16:20:40 INFO]       link_entity_in_xml: UNC-6 (WormbaseLinkTasks::link_entity_in_xml [656])
[2013/11/28 16:20:40 INFO]       link_entity_in_xml: UNC-6 (WormbaseLinkTasks::link_entity_in_xml [656])
[2013/11/28 16:20:40 INFO]       link_entity_in_xml: UNC-6 (WormbaseLinkTasks::link_entity_in_xml [656])
[2013/11/28 16:20:40 INFO]       link_entity_in_xml: UNC-6 (WormbaseLinkTasks::link_entity_in_xml [656])
[2013/11/28 16:20:40 INFO]       link_entity_in_xml: UNC-6 (WormbaseLinkTasks::link_entity_in_xml [656])
[2013/11/28 16:20:40 INFO]       link_entity_in_xml: UNC-6 (WormbaseLinkTasks::link_entity_in_xml [656])
[2013/11/28 16:20:40 INFO]       link_entity_in_xml: UNC-6 (WormbaseLinkTasks::link_entity_in_xml [656])
[2013/11/28 16:20:40 INFO]    ... found Gene 'mom-2' (WormbaseLinkTasks::findAndLinkObjects [529])
[2013/11/28 16:20:40 INFO]       link_entity_in_xml: mom-2 (WormbaseLinkTasks::link_entity_in_xml [656])
[2013/11/28 16:20:40 INFO]       link_entity_in_xml: mom-2 (WormbaseLinkTasks::link_entity_in_xml [656])
[2013/11/28 16:20:40 INFO]       link_entity_in_xml: mom-2 (WormbaseLinkTasks::link_entity_in_xml [656])
[2013/11/28 16:20:40 INFO]       link_entity_in_xml: mom-2 (WormbaseLinkTasks::link_entity_in_xml [656])
[2013/11/28 16:20:40 INFO]       link_entity_in_xml: mom-2 (WormbaseLinkTasks::link_entity_in_xml [656])
[2013/11/28 16:20:40 INFO]       link_entity_in_xml: mom-2 (WormbaseLinkTasks::link_entity_in_xml [656])
[2013/11/28 16:20:40 INFO]    ... found Variation 'n1792' (WormbaseLinkTasks::findAndLinkObjects [529])
[2013/11/28 16:20:40 INFO]    ... found Variation 'n1993' (WormbaseLinkTasks::findAndLinkObjects [529])
[2013/11/28 16:20:40 INFO]    ... found Gene 'slt-1' (WormbaseLinkTasks::findAndLinkObjects [529])
[2013/11/28 16:20:40 INFO]       link_entity_in_xml: slt-1 (WormbaseLinkTasks::link_entity_in_xml [656])
[2013/11/28 16:20:40 INFO]       link_entity_in_xml: slt-1 (WormbaseLinkTasks::link_entity_in_xml [656])
[2013/11/28 16:20:40 INFO]       link_entity_in_xml: slt-1 (WormbaseLinkTasks::link_entity_in_xml [656])
[2013/11/28 16:20:40 INFO]       link_entity_in_xml: slt-1 (WormbaseLinkTasks::link_entity_in_xml [656])
[2013/11/28 16:20:40 INFO]       link_entity_in_xml: slt-1 (WormbaseLinkTasks::link_entity_in_xml [656])
[2013/11/28 16:20:40 INFO]       link_entity_in_xml: slt-1 (WormbaseLinkTasks::link_entity_in_xml [656])
[2013/11/28 16:20:40 INFO]       link_entity_in_xml: slt-1 (WormbaseLinkTasks::link_entity_in_xml [656])
[2013/11/28 16:20:40 INFO]    ... found Variation 'or153' (WormbaseLinkTasks::findAndLinkObjects [529])
[2013/11/28 16:20:41 INFO]    ... found Protein 'MOM-2' (WormbaseLinkTasks::findAndLinkObjects [529])
[2013/11/28 16:20:41 INFO]       link_entity_in_xml: MOM-2 (WormbaseLinkTasks::link_entity_in_xml [656])
[2013/11/28 16:20:41 INFO]    ... found Protein 'OSM-3' (WormbaseLinkTasks::findAndLinkObjects [529])
[2013/11/28 16:20:41 INFO]       link_entity_in_xml: OSM-3 (WormbaseLinkTasks::link_entity_in_xml [656])
[2013/11/28 16:20:41 INFO]    ... found Protein 'CHE-3' (WormbaseLinkTasks::findAndLinkObjects [529])
[2013/11/28 16:20:41 INFO]       link_entity_in_xml: CHE-3 (WormbaseLinkTasks::link_entity_in_xml [656])
[2013/11/28 16:20:41 INFO]    ... found Protein 'KLC-2' (WormbaseLinkTasks::findAndLinkObjects [529])
[2013/11/28 16:20:41 INFO]       link_entity_in_xml: KLC-2 (WormbaseLinkTasks::link_entity_in_xml [656])
[2013/11/28 16:20:41 INFO]       link_entity_in_xml: KLC-2 (WormbaseLinkTasks::link_entity_in_xml [656])
[2013/11/28 16:20:41 INFO]       link_entity_in_xml: KLC-2 (WormbaseLinkTasks::link_entity_in_xml [656])
[2013/11/28 16:20:41 INFO]       link_entity_in_xml: KLC-2 (WormbaseLinkTasks::link_entity_in_xml [656])
[2013/11/28 16:20:41 INFO]       link_entity_in_xml: KLC-2 (WormbaseLinkTasks::link_entity_in_xml [656])
[2013/11/28 16:20:41 INFO]    ... found Variation 'rh148' (WormbaseLinkTasks::findAndLinkObjects [529])
[2013/11/28 16:20:41 INFO]    ... found Protein 'MIG-2' (WormbaseLinkTasks::findAndLinkObjects [529])
[2013/11/28 16:20:41 INFO]       link_entity_in_xml: MIG-2 (WormbaseLinkTasks::link_entity_in_xml [656])
[2013/11/28 16:20:41 INFO]       link_entity_in_xml: MIG-2 (WormbaseLinkTasks::link_entity_in_xml [656])
[2013/11/28 16:20:41 INFO]    ... found Protein 'SAX-7' (WormbaseLinkTasks::findAndLinkObjects [529])
[2013/11/28 16:20:41 INFO]       link_entity_in_xml: SAX-7 (WormbaseLinkTasks::link_entity_in_xml [656])
[2013/11/28 16:20:41 INFO]       link_entity_in_xml: SAX-7 (WormbaseLinkTasks::link_entity_in_xml [656])
[2013/11/28 16:20:41 INFO]       link_entity_in_xml: SAX-7 (WormbaseLinkTasks::link_entity_in_xml [656])
[2013/11/28 16:20:41 INFO]       link_entity_in_xml: SAX-7 (WormbaseLinkTasks::link_entity_in_xml [656])
[2013/11/28 16:20:41 INFO]       link_entity_in_xml: SAX-7 (WormbaseLinkTasks::link_entity_in_xml [656])
[2013/11/28 16:20:41 INFO]       link_entity_in_xml: SAX-7 (WormbaseLinkTasks::link_entity_in_xml [656])
[2013/11/28 16:20:41 INFO]    ... found Protein 'ANC-1' (WormbaseLinkTasks::findAndLinkObjects [529])
[2013/11/28 16:20:41 INFO]       link_entity_in_xml: ANC-1 (WormbaseLinkTasks::link_entity_in_xml [656])
[2013/11/28 16:20:41 INFO]    ... found Gene 'odr-1' (WormbaseLinkTasks::findAndLinkObjects [529])
[2013/11/28 16:20:41 INFO]       link_entity_in_xml: odr-1 (WormbaseLinkTasks::link_entity_in_xml [656])
[2013/11/28 16:20:41 INFO]    ... found Protein 'VAB-8' (WormbaseLinkTasks::findAndLinkObjects [529])
[2013/11/28 16:20:41 INFO]       link_entity_in_xml: VAB-8 (WormbaseLinkTasks::link_entity_in_xml [656])
[2013/11/28 16:20:41 INFO]       link_entity_in_xml: VAB-8 (WormbaseLinkTasks::link_entity_in_xml [656])
[2013/11/28 16:20:41 INFO]       link_entity_in_xml: VAB-8 (WormbaseLinkTasks::link_entity_in_xml [656])
[2013/11/28 16:20:41 INFO]       link_entity_in_xml: VAB-8 (WormbaseLinkTasks::link_entity_in_xml [656])
[2013/11/28 16:20:41 INFO]       link_entity_in_xml: VAB-8 (WormbaseLinkTasks::link_entity_in_xml [656])
[2013/11/28 16:20:41 INFO]    ... found Protein 'WVE-1' (WormbaseLinkTasks::findAndLinkObjects [529])
[2013/11/28 16:20:41 INFO]       link_entity_in_xml: WVE-1 (WormbaseLinkTasks::link_entity_in_xml [656])
[2013/11/28 16:20:41 INFO]       link_entity_in_xml: WVE-1 (WormbaseLinkTasks::link_entity_in_xml [656])
[2013/11/28 16:20:41 INFO]       link_entity_in_xml: WVE-1 (WormbaseLinkTasks::link_entity_in_xml [656])
[2013/11/28 16:20:41 INFO]       link_entity_in_xml: WVE-1 (WormbaseLinkTasks::link_entity_in_xml [656])
[2013/11/28 16:20:41 INFO]       link_entity_in_xml: WVE-1 (WormbaseLinkTasks::link_entity_in_xml [656])
[2013/11/28 16:20:41 INFO]    ... found Gene 'nlp-1' (WormbaseLinkTasks::findAndLinkObjects [529])
[2013/11/28 16:20:41 INFO]       link_entity_in_xml: nlp-1 (WormbaseLinkTasks::link_entity_in_xml [656])
[2013/11/28 16:20:41 INFO]       link_entity_in_xml: nlp-1 (WormbaseLinkTasks::link_entity_in_xml [656])
[2013/11/28 16:20:41 INFO]       link_entity_in_xml: nlp-1 (WormbaseLinkTasks::link_entity_in_xml [656])
[2013/11/28 16:20:41 INFO]       link_entity_in_xml: nlp-1 (WormbaseLinkTasks::link_entity_in_xml [656])
[2013/11/28 16:20:41 INFO]       link_entity_in_xml: nlp-1 (WormbaseLinkTasks::link_entity_in_xml [656])
[2013/11/28 16:20:41 INFO]       link_entity_in_xml: nlp-1 (WormbaseLinkTasks::link_entity_in_xml [656])
[2013/11/28 16:20:41 INFO]       link_entity_in_xml: nlp-1 (WormbaseLinkTasks::link_entity_in_xml [656])
[2013/11/28 16:20:41 INFO]       link_entity_in_xml: nlp-1 (WormbaseLinkTasks::link_entity_in_xml [656])
[2013/11/28 16:20:41 INFO]    ... found Variation 'tm324' (WormbaseLinkTasks::findAndLinkObjects [529])
[2013/11/28 16:20:41 INFO]    ... found Gene 'kca-1' (WormbaseLinkTasks::findAndLinkObjects [529])
[2013/11/28 16:20:41 INFO]       link_entity_in_xml: kca-1 (WormbaseLinkTasks::link_entity_in_xml [656])
[2013/11/28 16:20:41 INFO]       link_entity_in_xml: kca-1 (WormbaseLinkTasks::link_entity_in_xml [656])
[2013/11/28 16:20:42 INFO]    ... found Gene 'mig-1' (WormbaseLinkTasks::findAndLinkObjects [529])
[2013/11/28 16:20:42 INFO]       link_entity_in_xml: mig-1 (WormbaseLinkTasks::link_entity_in_xml [656])
[2013/11/28 16:20:42 INFO]       link_entity_in_xml: mig-1 (WormbaseLinkTasks::link_entity_in_xml [656])
[2013/11/28 16:20:42 INFO]    ... found Gene 'che-3' (WormbaseLinkTasks::findAndLinkObjects [529])
[2013/11/28 16:20:42 INFO]       link_entity_in_xml: che-3 (WormbaseLinkTasks::link_entity_in_xml [656])
[2013/11/28 16:20:42 INFO]       link_entity_in_xml: che-3 (WormbaseLinkTasks::link_entity_in_xml [656])
[2013/11/28 16:20:42 INFO]    ... found Variation 'e1124' (WormbaseLinkTasks::findAndLinkObjects [529])
[2013/11/28 16:20:42 INFO]    ... found Protein 'UNC-5' (WormbaseLinkTasks::findAndLinkObjects [529])
[2013/11/28 16:20:42 INFO]       link_entity_in_xml: UNC-5 (WormbaseLinkTasks::link_entity_in_xml [656])
[2013/11/28 16:20:42 INFO]       link_entity_in_xml: UNC-5 (WormbaseLinkTasks::link_entity_in_xml [656])
[2013/11/28 16:20:42 INFO]       link_entity_in_xml: UNC-5 (WormbaseLinkTasks::link_entity_in_xml [656])
[2013/11/28 16:20:42 INFO]       link_entity_in_xml: UNC-5 (WormbaseLinkTasks::link_entity_in_xml [656])
[2013/11/28 16:20:42 INFO]       link_entity_in_xml: UNC-5 (WormbaseLinkTasks::link_entity_in_xml [656])
[2013/11/28 16:20:42 INFO]       link_entity_in_xml: UNC-5 (WormbaseLinkTasks::link_entity_in_xml [656])
[2013/11/28 16:20:42 INFO]    ... found Gene 'wve-1' (WormbaseLinkTasks::findAndLinkObjects [529])
[2013/11/28 16:20:42 INFO]       link_entity_in_xml: wve-1 (WormbaseLinkTasks::link_entity_in_xml [656])
[2013/11/28 16:20:42 INFO]       link_entity_in_xml: wve-1 (WormbaseLinkTasks::link_entity_in_xml [656])
[2013/11/28 16:20:42 INFO]       link_entity_in_xml: wve-1 (WormbaseLinkTasks::link_entity_in_xml [656])
[2013/11/28 16:20:42 INFO]       link_entity_in_xml: wve-1 (WormbaseLinkTasks::link_entity_in_xml [656])
[2013/11/28 16:20:42 INFO]    ... found Variation 'gk812' (WormbaseLinkTasks::findAndLinkObjects [529])
[2013/11/28 16:20:42 INFO]    ... found Variation 'e1265' (WormbaseLinkTasks::findAndLinkObjects [529])
[2013/11/28 16:20:42 INFO]    ... found Protein 'KLC-1' (WormbaseLinkTasks::findAndLinkObjects [529])
[2013/11/28 16:20:42 INFO]       link_entity_in_xml: KLC-1 (WormbaseLinkTasks::link_entity_in_xml [656])
[2013/11/28 16:20:42 INFO]       link_entity_in_xml: KLC-1 (WormbaseLinkTasks::link_entity_in_xml [656])
[2013/11/28 16:20:42 INFO]    ... found Gene 'klc-2' (WormbaseLinkTasks::findAndLinkObjects [529])
[2013/11/28 16:20:42 INFO]       link_entity_in_xml: klc-2 (WormbaseLinkTasks::link_entity_in_xml [656])
[2013/11/28 16:20:42 INFO]       link_entity_in_xml: klc-2 (WormbaseLinkTasks::link_entity_in_xml [656])
[2013/11/28 16:20:42 INFO]       link_entity_in_xml: klc-2 (WormbaseLinkTasks::link_entity_in_xml [656])
[2013/11/28 16:20:42 INFO]       link_entity_in_xml: klc-2 (WormbaseLinkTasks::link_entity_in_xml [656])
[2013/11/28 16:20:42 INFO]       link_entity_in_xml: klc-2 (WormbaseLinkTasks::link_entity_in_xml [656])
[2013/11/28 16:20:42 INFO]       link_entity_in_xml: klc-2 (WormbaseLinkTasks::link_entity_in_xml [656])
[2013/11/28 16:20:42 INFO]       link_entity_in_xml: klc-2 (WormbaseLinkTasks::link_entity_in_xml [656])
[2013/11/28 16:20:42 INFO]       link_entity_in_xml: klc-2 (WormbaseLinkTasks::link_entity_in_xml [656])
[2013/11/28 16:20:42 INFO]       link_entity_in_xml: klc-2 (WormbaseLinkTasks::link_entity_in_xml [656])
[2013/11/28 16:20:42 INFO]       link_entity_in_xml: klc-2 (WormbaseLinkTasks::link_entity_in_xml [656])
[2013/11/28 16:20:42 INFO]       link_entity_in_xml: klc-2 (WormbaseLinkTasks::link_entity_in_xml [656])
[2013/11/28 16:20:42 INFO]       link_entity_in_xml: klc-2 (WormbaseLinkTasks::link_entity_in_xml [656])
[2013/11/28 16:20:42 INFO]       link_entity_in_xml: klc-2 (WormbaseLinkTasks::link_entity_in_xml [656])
[2013/11/28 16:20:42 INFO]    ... found Protein 'SLT-1' (WormbaseLinkTasks::findAndLinkObjects [529])
[2013/11/28 16:20:42 INFO]       link_entity_in_xml: SLT-1 (WormbaseLinkTasks::link_entity_in_xml [656])
[2013/11/28 16:20:42 INFO]       link_entity_in_xml: SLT-1 (WormbaseLinkTasks::link_entity_in_xml [656])
[2013/11/28 16:20:42 INFO]       link_entity_in_xml: SLT-1 (WormbaseLinkTasks::link_entity_in_xml [656])
[2013/11/28 16:20:42 INFO]    ... found Variation 'ok895' (WormbaseLinkTasks::findAndLinkObjects [529])
[2013/11/28 16:20:42 INFO]    ... found Gene 'dhc-1' (WormbaseLinkTasks::findAndLinkObjects [529])
[2013/11/28 16:20:42 INFO]       link_entity_in_xml: dhc-1 (WormbaseLinkTasks::link_entity_in_xml [656])
[2013/11/28 16:20:43 INFO]       link_entity_in_xml: dhc-1 (WormbaseLinkTasks::link_entity_in_xml [656])
[2013/11/28 16:20:43 INFO]       link_entity_in_xml: dhc-1 (WormbaseLinkTasks::link_entity_in_xml [656])
[2013/11/28 16:20:43 INFO]       link_entity_in_xml: dhc-1 (WormbaseLinkTasks::link_entity_in_xml [656])
[2013/11/28 16:20:43 INFO]       link_entity_in_xml: dhc-1 (WormbaseLinkTasks::link_entity_in_xml [656])
[2013/11/28 16:20:43 INFO]       link_entity_in_xml: dhc-1 (WormbaseLinkTasks::link_entity_in_xml [656])
[2013/11/28 16:20:43 INFO]       link_entity_in_xml: dhc-1 (WormbaseLinkTasks::link_entity_in_xml [656])
[2013/11/28 16:20:43 INFO]       link_entity_in_xml: dhc-1 (WormbaseLinkTasks::link_entity_in_xml [656])
[2013/11/28 16:20:43 INFO]       link_entity_in_xml: dhc-1 (WormbaseLinkTasks::link_entity_in_xml [656])
[2013/11/28 16:20:43 INFO]    ... found Protein 'DGN-1' (WormbaseLinkTasks::findAndLinkObjects [529])
[2013/11/28 16:20:43 INFO]       link_entity_in_xml: DGN-1 (WormbaseLinkTasks::link_entity_in_xml [656])
[2013/11/28 16:20:43 INFO]       link_entity_in_xml: DGN-1 (WormbaseLinkTasks::link_entity_in_xml [656])
[2013/11/28 16:20:43 INFO]       link_entity_in_xml: DGN-1 (WormbaseLinkTasks::link_entity_in_xml [656])
[2013/11/28 16:20:43 INFO]       link_entity_in_xml: DGN-1 (WormbaseLinkTasks::link_entity_in_xml [656])
[2013/11/28 16:20:43 INFO]       link_entity_in_xml: DGN-1 (WormbaseLinkTasks::link_entity_in_xml [656])
[2013/11/28 16:20:43 INFO]    ... found Gene 'sax-7' (WormbaseLinkTasks::findAndLinkObjects [529])
[2013/11/28 16:20:43 INFO]       link_entity_in_xml: sax-7 (WormbaseLinkTasks::link_entity_in_xml [656])
[2013/11/28 16:20:43 INFO]       link_entity_in_xml: sax-7 (WormbaseLinkTasks::link_entity_in_xml [656])
[2013/11/28 16:20:43 INFO]       link_entity_in_xml: sax-7 (WormbaseLinkTasks::link_entity_in_xml [656])
[2013/11/28 16:20:43 INFO]    ... found Gene 'nlg-1' (WormbaseLinkTasks::findAndLinkObjects [529])
[2013/11/28 16:20:43 INFO]       link_entity_in_xml: nlg-1 (WormbaseLinkTasks::link_entity_in_xml [656])
[2013/11/28 16:20:43 INFO]       link_entity_in_xml: nlg-1 (WormbaseLinkTasks::link_entity_in_xml [656])
[2013/11/28 16:20:43 INFO]       link_entity_in_xml: nlg-1 (WormbaseLinkTasks::link_entity_in_xml [656])
[2013/11/28 16:20:43 INFO]       link_entity_in_xml: nlg-1 (WormbaseLinkTasks::link_entity_in_xml [656])
[2013/11/28 16:20:43 INFO]    ... found Gene 'cwn-1' (WormbaseLinkTasks::findAndLinkObjects [529])
[2013/11/28 16:20:43 INFO]       link_entity_in_xml: cwn-1 (WormbaseLinkTasks::link_entity_in_xml [656])
[2013/11/28 16:20:43 INFO]       link_entity_in_xml: cwn-1 (WormbaseLinkTasks::link_entity_in_xml [656])
[2013/11/28 16:20:43 INFO]       link_entity_in_xml: cwn-1 (WormbaseLinkTasks::link_entity_in_xml [656])
[2013/11/28 16:20:43 INFO]       link_entity_in_xml: cwn-1 (WormbaseLinkTasks::link_entity_in_xml [656])
[2013/11/28 16:20:43 INFO]    ... found Gene 'sax-3' (WormbaseLinkTasks::findAndLinkObjects [529])
[2013/11/28 16:20:43 INFO]       link_entity_in_xml: sax-3 (WormbaseLinkTasks::link_entity_in_xml [656])
[2013/11/28 16:20:43 INFO]       link_entity_in_xml: sax-3 (WormbaseLinkTasks::link_entity_in_xml [656])
[2013/11/28 16:20:43 INFO]       link_entity_in_xml: sax-3 (WormbaseLinkTasks::link_entity_in_xml [656])
[2013/11/28 16:20:43 INFO]       link_entity_in_xml: sax-3 (WormbaseLinkTasks::link_entity_in_xml [656])
[2013/11/28 16:20:43 INFO]       link_entity_in_xml: sax-3 (WormbaseLinkTasks::link_entity_in_xml [656])
[2013/11/28 16:20:43 INFO]       link_entity_in_xml: sax-3 (WormbaseLinkTasks::link_entity_in_xml [656])
[2013/11/28 16:20:43 INFO]       link_entity_in_xml: sax-3 (WormbaseLinkTasks::link_entity_in_xml [656])
[2013/11/28 16:20:43 INFO]       link_entity_in_xml: sax-3 (WormbaseLinkTasks::link_entity_in_xml [656])
[2013/11/28 16:20:43 INFO]       link_entity_in_xml: sax-3 (WormbaseLinkTasks::link_entity_in_xml [656])
[2013/11/28 16:20:43 INFO]       link_entity_in_xml: sax-3 (WormbaseLinkTasks::link_entity_in_xml [656])
[2013/11/28 16:20:43 INFO]       link_entity_in_xml: sax-3 (WormbaseLinkTasks::link_entity_in_xml [656])
[2013/11/28 16:20:43 INFO]       link_entity_in_xml: sax-3 (WormbaseLinkTasks::link_entity_in_xml [656])
[2013/11/28 16:20:43 INFO]       link_entity_in_xml: sax-3 (WormbaseLinkTasks::link_entity_in_xml [656])
[2013/11/28 16:20:43 INFO]       link_entity_in_xml: sax-3 (WormbaseLinkTasks::link_entity_in_xml [656])
[2013/11/28 16:20:43 INFO]       link_entity_in_xml: sax-3 (WormbaseLinkTasks::link_entity_in_xml [656])
[2013/11/28 16:20:43 INFO]       link_entity_in_xml: sax-3 (WormbaseLinkTasks::link_entity_in_xml [656])
[2013/11/28 16:20:43 INFO]    ... found Protein 'ZEN-4' (WormbaseLinkTasks::findAndLinkObjects [529])
[2013/11/28 16:20:43 INFO]       link_entity_in_xml: ZEN-4 (WormbaseLinkTasks::link_entity_in_xml [656])
[2013/11/28 16:20:44 INFO]    ... found Protein 'SAX-3' (WormbaseLinkTasks::findAndLinkObjects [529])
[2013/11/28 16:20:44 INFO]       link_entity_in_xml: SAX-3 (WormbaseLinkTasks::link_entity_in_xml [656])
[2013/11/28 16:20:44 INFO]       link_entity_in_xml: SAX-3 (WormbaseLinkTasks::link_entity_in_xml [656])
[2013/11/28 16:20:44 INFO]       link_entity_in_xml: SAX-3 (WormbaseLinkTasks::link_entity_in_xml [656])
[2013/11/28 16:20:44 INFO]       link_entity_in_xml: SAX-3 (WormbaseLinkTasks::link_entity_in_xml [656])
[2013/11/28 16:20:44 INFO]       link_entity_in_xml: SAX-3 (WormbaseLinkTasks::link_entity_in_xml [656])
[2013/11/28 16:20:44 INFO]       link_entity_in_xml: SAX-3 (WormbaseLinkTasks::link_entity_in_xml [656])
[2013/11/28 16:20:44 INFO]       link_entity_in_xml: SAX-3 (WormbaseLinkTasks::link_entity_in_xml [656])
[2013/11/28 16:20:44 INFO]       link_entity_in_xml: SAX-3 (WormbaseLinkTasks::link_entity_in_xml [656])
[2013/11/28 16:20:44 INFO]       link_entity_in_xml: SAX-3 (WormbaseLinkTasks::link_entity_in_xml [656])
[2013/11/28 16:20:44 INFO]       link_entity_in_xml: SAX-3 (WormbaseLinkTasks::link_entity_in_xml [656])
[2013/11/28 16:20:44 INFO]       link_entity_in_xml: SAX-3 (WormbaseLinkTasks::link_entity_in_xml [656])
[2013/11/28 16:20:44 INFO]       link_entity_in_xml: SAX-3 (WormbaseLinkTasks::link_entity_in_xml [656])
[2013/11/28 16:20:44 INFO]    ... found Gene 'dgn-1' (WormbaseLinkTasks::findAndLinkObjects [529])
[2013/11/28 16:20:44 INFO]       link_entity_in_xml: dgn-1 (WormbaseLinkTasks::link_entity_in_xml [656])
[2013/11/28 16:20:44 INFO]       link_entity_in_xml: dgn-1 (WormbaseLinkTasks::link_entity_in_xml [656])
[2013/11/28 16:20:44 INFO]       link_entity_in_xml: dgn-1 (WormbaseLinkTasks::link_entity_in_xml [656])
[2013/11/28 16:20:44 INFO]       link_entity_in_xml: dgn-1 (WormbaseLinkTasks::link_entity_in_xml [656])
[2013/11/28 16:20:44 INFO]    ... found Variation 'ev400' (WormbaseLinkTasks::findAndLinkObjects [529])
[2013/11/28 16:20:44 INFO]    ... found Gene 'vab-8' (WormbaseLinkTasks::findAndLinkObjects [529])
[2013/11/28 16:20:44 INFO]       link_entity_in_xml: vab-8 (WormbaseLinkTasks::link_entity_in_xml [656])
[2013/11/28 16:20:44 INFO]       link_entity_in_xml: vab-8 (WormbaseLinkTasks::link_entity_in_xml [656])
[2013/11/28 16:20:44 INFO]       link_entity_in_xml: vab-8 (WormbaseLinkTasks::link_entity_in_xml [656])
[2013/11/28 16:20:44 INFO]    ... found Protein 'MOM-5' (WormbaseLinkTasks::findAndLinkObjects [529])
[2013/11/28 16:20:44 INFO]       link_entity_in_xml: MOM-5 (WormbaseLinkTasks::link_entity_in_xml [656])
[2013/11/28 16:20:44 INFO]    ... found Transgene 'zdIs5' (WormbaseLinkTasks::findAndLinkObjects [529])
[2013/11/28 16:20:44 INFO]       link_entity_in_xml: zdIs5 (WormbaseLinkTasks::link_entity_in_xml [656])
[2013/11/28 16:20:44 INFO]    ... found Protein 'CWN-1' (WormbaseLinkTasks::findAndLinkObjects [529])
[2013/11/28 16:20:44 INFO]       link_entity_in_xml: CWN-1 (WormbaseLinkTasks::link_entity_in_xml [656])
[2013/11/28 16:20:44 INFO]    ... found Gene 'unc-6' (WormbaseLinkTasks::findAndLinkObjects [529])
[2013/11/28 16:20:44 INFO]       link_entity_in_xml: unc-6 (WormbaseLinkTasks::link_entity_in_xml [656])
[2013/11/28 16:20:44 INFO]       link_entity_in_xml: unc-6 (WormbaseLinkTasks::link_entity_in_xml [656])
[2013/11/28 16:20:44 INFO]       link_entity_in_xml: unc-6 (WormbaseLinkTasks::link_entity_in_xml [656])
[2013/11/28 16:20:44 INFO]       link_entity_in_xml: unc-6 (WormbaseLinkTasks::link_entity_in_xml [656])
[2013/11/28 16:20:45 INFO]       link_entity_in_xml: unc-6 (WormbaseLinkTasks::link_entity_in_xml [656])
[2013/11/28 16:20:45 INFO]       link_entity_in_xml: unc-6 (WormbaseLinkTasks::link_entity_in_xml [656])
[2013/11/28 16:20:45 INFO]       link_entity_in_xml: unc-6 (WormbaseLinkTasks::link_entity_in_xml [656])
[2013/11/28 16:20:45 INFO]       link_entity_in_xml: unc-6 (WormbaseLinkTasks::link_entity_in_xml [656])
[2013/11/28 16:20:45 INFO]       link_entity_in_xml: unc-6 (WormbaseLinkTasks::link_entity_in_xml [656])
[2013/11/28 16:20:45 INFO]       link_entity_in_xml: unc-6 (WormbaseLinkTasks::link_entity_in_xml [656])
[2013/11/28 16:20:45 INFO]       link_entity_in_xml: unc-6 (WormbaseLinkTasks::link_entity_in_xml [656])
[2013/11/28 16:20:45 INFO]       link_entity_in_xml: unc-6 (WormbaseLinkTasks::link_entity_in_xml [656])
[2013/11/28 16:20:45 INFO]       link_entity_in_xml: unc-6 (WormbaseLinkTasks::link_entity_in_xml [656])
[2013/11/28 16:20:45 INFO]       link_entity_in_xml: unc-6 (WormbaseLinkTasks::link_entity_in_xml [656])
[2013/11/28 16:20:45 INFO]    ... found Protein 'MIG-1' (WormbaseLinkTasks::findAndLinkObjects [529])
[2013/11/28 16:20:45 INFO]       link_entity_in_xml: MIG-1 (WormbaseLinkTasks::link_entity_in_xml [656])
[2013/11/28 16:20:45 INFO]    ... found Variation 'ky123' (WormbaseLinkTasks::findAndLinkObjects [529])
[2013/11/28 16:20:45 INFO]    ... found Gene 'klc-1' (WormbaseLinkTasks::findAndLinkObjects [529])
[2013/11/28 16:20:45 INFO]       link_entity_in_xml: klc-1 (WormbaseLinkTasks::link_entity_in_xml [656])
[2013/11/28 16:20:45 INFO]       link_entity_in_xml: klc-1 (WormbaseLinkTasks::link_entity_in_xml [656])
[2013/11/28 16:20:45 INFO]       link_entity_in_xml: klc-1 (WormbaseLinkTasks::link_entity_in_xml [656])
[2013/11/28 16:20:45 INFO]       link_entity_in_xml: klc-1 (WormbaseLinkTasks::link_entity_in_xml [656])
[2013/11/28 16:20:45 INFO]       link_entity_in_xml: klc-1 (WormbaseLinkTasks::link_entity_in_xml [656])
[2013/11/28 16:20:45 INFO]       link_entity_in_xml: klc-1 (WormbaseLinkTasks::link_entity_in_xml [656])
[2013/11/28 16:20:45 INFO]       link_entity_in_xml: klc-1 (WormbaseLinkTasks::link_entity_in_xml [656])
[2013/11/28 16:20:45 INFO]       link_entity_in_xml: klc-1 (WormbaseLinkTasks::link_entity_in_xml [656])
[2013/11/28 16:20:45 INFO]       link_entity_in_xml: klc-1 (WormbaseLinkTasks::link_entity_in_xml [656])
[2013/11/28 16:20:45 INFO]    ... found Protein 'DHC-1' (WormbaseLinkTasks::findAndLinkObjects [529])
[2013/11/28 16:20:45 INFO]       link_entity_in_xml: DHC-1 (WormbaseLinkTasks::link_entity_in_xml [656])
[2013/11/28 16:20:45 INFO]       link_entity_in_xml: DHC-1 (WormbaseLinkTasks::link_entity_in_xml [656])
[2013/11/28 16:20:45 INFO]    ... found Variation 'e1787' (WormbaseLinkTasks::findAndLinkObjects [529])
[2013/11/28 16:20:46 INFO]    ... found Gene 'gpa-6' (WormbaseLinkTasks::findAndLinkObjects [529])
[2013/11/28 16:20:46 INFO]       link_entity_in_xml: gpa-6 (WormbaseLinkTasks::link_entity_in_xml [656])
[2013/11/28 16:20:46 INFO]       link_entity_in_xml: gpa-6 (WormbaseLinkTasks::link_entity_in_xml [656])
[2013/11/28 16:20:46 INFO]    ... found Protein 'ERM-1' (WormbaseLinkTasks::findAndLinkObjects [529])
[2013/11/28 16:20:46 INFO]       link_entity_in_xml: ERM-1 (WormbaseLinkTasks::link_entity_in_xml [656])
[2013/11/28 16:20:46 INFO]       link_entity_in_xml: ERM-1 (WormbaseLinkTasks::link_entity_in_xml [656])
[2013/11/28 16:20:46 INFO]    ... found Gene 'unc-5' (WormbaseLinkTasks::findAndLinkObjects [529])
[2013/11/28 16:20:46 INFO]       link_entity_in_xml: unc-5 (WormbaseLinkTasks::link_entity_in_xml [656])
[2013/11/28 16:20:46 INFO]       link_entity_in_xml: unc-5 (WormbaseLinkTasks::link_entity_in_xml [656])
[2013/11/28 16:20:46 INFO]       link_entity_in_xml: unc-5 (WormbaseLinkTasks::link_entity_in_xml [656])
[2013/11/28 16:20:46 INFO]       link_entity_in_xml: unc-5 (WormbaseLinkTasks::link_entity_in_xml [656])
[2013/11/28 16:20:46 INFO]    ... found Variation 'ok546' (WormbaseLinkTasks::findAndLinkObjects [529])
[2013/11/28 16:20:46 INFO]    ... found Gene 'cwn-2' (WormbaseLinkTasks::findAndLinkObjects [529])
[2013/11/28 16:20:46 INFO]       link_entity_in_xml: cwn-2 (WormbaseLinkTasks::link_entity_in_xml [656])
[2013/11/28 16:20:46 INFO]       link_entity_in_xml: cwn-2 (WormbaseLinkTasks::link_entity_in_xml [656])
[2013/11/28 16:20:46 INFO]       link_entity_in_xml: cwn-2 (WormbaseLinkTasks::link_entity_in_xml [656])
[2013/11/28 16:20:46 INFO]       link_entity_in_xml: cwn-2 (WormbaseLinkTasks::link_entity_in_xml [656])
[2013/11/28 16:20:46 INFO]    ... found Gene 'mig-2' (WormbaseLinkTasks::findAndLinkObjects [529])
[2013/11/28 16:20:46 INFO]       link_entity_in_xml: mig-2 (WormbaseLinkTasks::link_entity_in_xml [656])
[2013/11/28 16:20:46 INFO]    ... found Variation 'ne874' (WormbaseLinkTasks::findAndLinkObjects [529])
[2013/11/28 16:20:46 INFO]    ... found Protein 'CWN-2' (WormbaseLinkTasks::findAndLinkObjects [529])
[2013/11/28 16:20:46 INFO]       link_entity_in_xml: CWN-2 (WormbaseLinkTasks::link_entity_in_xml [656])
[2013/11/28 16:20:46 INFO]    ... found Variation 'e1313' (WormbaseLinkTasks::findAndLinkObjects [529])
[2013/11/28 16:20:47 INFO]    ... found Gene 'zen-4' (WormbaseLinkTasks::findAndLinkObjects [529])
[2013/11/28 16:20:47 INFO]       link_entity_in_xml: zen-4 (WormbaseLinkTasks::link_entity_in_xml [656])
[2013/11/28 16:20:47 INFO]       link_entity_in_xml: zen-4 (WormbaseLinkTasks::link_entity_in_xml [656])
[2013/11/28 16:20:47 INFO]    ... found Variation 'n585' (WormbaseLinkTasks::findAndLinkObjects [529])
[2013/11/28 16:20:47 INFO]    ... found Variation 'mu28' (WormbaseLinkTasks::findAndLinkObjects [529])
[2013/11/28 16:20:47 INFO]    ... found Variation 'e362' (WormbaseLinkTasks::findAndLinkObjects [529])
[2013/11/28 16:20:47 INFO]    ... found Variation 'e271' (WormbaseLinkTasks::findAndLinkObjects [529])
[2013/11/28 16:20:47 INFO]    ... found Variation 'n484' (WormbaseLinkTasks::findAndLinkObjects [529])
[2013/11/28 16:20:47 INFO]    ... found Variation 'e204' (WormbaseLinkTasks::findAndLinkObjects [529])
[2013/11/28 16:20:47 INFO]    ... found Variation 'e911' (WormbaseLinkTasks::findAndLinkObjects [529])
[2013/11/28 16:20:47 INFO]    ... found Anatomy_name 'VL23' (WormbaseLinkTasks::findAndLinkObjects [529])
[2013/11/28 16:20:48 INFO]    ... found Variation 'sb79' (WormbaseLinkTasks::findAndLinkObjects [529])
[2013/11/28 16:20:48 INFO]    ... found Variation 'rh40' (WormbaseLinkTasks::findAndLinkObjects [529])
[2013/11/28 16:20:48 INFO]    ... found Variation 'km11' (WormbaseLinkTasks::findAndLinkObjects [529])
[2013/11/28 16:20:48 INFO]    ... found Variation 'rh24' (WormbaseLinkTasks::findAndLinkObjects [529])
[2013/11/28 16:20:48 INFO]    ... found Variation 'e109' (WormbaseLinkTasks::findAndLinkObjects [529])
[2013/11/28 16:20:48 INFO]    ... found Variation 'or77' (WormbaseLinkTasks::findAndLinkObjects [529])
[2013/11/28 16:20:48 INFO]    ... found Variation 'ct41' (WormbaseLinkTasks::findAndLinkObjects [529])
[2013/11/28 16:20:48 INFO]    ... found Variation 'e587' (WormbaseLinkTasks::findAndLinkObjects [529])
[2013/11/28 16:20:48 INFO]    ... found Variation 'mu39' (WormbaseLinkTasks::findAndLinkObjects [529])
[2013/11/28 16:20:48 INFO]    ... found Variation 'or85' (WormbaseLinkTasks::findAndLinkObjects [529])
[2013/11/28 16:20:48 INFO]    ... found Strain 'OP50' (WormbaseLinkTasks::findAndLinkObjects [529])
[2013/11/28 16:20:48 INFO]       link_entity_in_xml: OP50 (WormbaseLinkTasks::link_entity_in_xml [656])
[2013/11/28 16:20:48 INFO]    ... found Variation 'e369' (WormbaseLinkTasks::findAndLinkObjects [529])
[2013/11/28 16:20:49 INFO]    ... found Anatomy_name 'VR24' (WormbaseLinkTasks::findAndLinkObjects [529])
[2013/11/28 16:20:49 INFO]    ... found Variation 'gm84' (WormbaseLinkTasks::findAndLinkObjects [529])
[2013/11/28 16:20:49 INFO]    ... found Variation 'eh15' (WormbaseLinkTasks::findAndLinkObjects [529])
[2013/11/28 16:20:49 INFO]    ... found Variation 'n671' (WormbaseLinkTasks::findAndLinkObjects [529])
[2013/11/28 16:20:49 INFO]    ... found Variation 'nj48' (WormbaseLinkTasks::findAndLinkObjects [529])
[2013/11/28 16:20:49 INFO]    ... found Variation 'e187' (WormbaseLinkTasks::findAndLinkObjects [529])
[2013/11/28 16:20:49 INFO]    ... found Variation 'hf3' (WormbaseLinkTasks::findAndLinkObjects [529])
[2013/11/28 16:20:49 INFO]    ... found Anatomy_name 'PVQ' (WormbaseLinkTasks::findAndLinkObjects [529])
[2013/11/28 16:20:49 INFO]    ... found Anatomy_name 'PHA' (WormbaseLinkTasks::findAndLinkObjects [529])
[2013/11/28 16:20:49 INFO]    ... found Anatomy_name 'gut' (WormbaseLinkTasks::findAndLinkObjects [529])
[2013/11/28 16:20:49 INFO]    ... found Variation 'e53' (WormbaseLinkTasks::findAndLinkObjects [529])
[2013/11/28 16:20:49 INFO]    ... found Anatomy_name 'PHB' (WormbaseLinkTasks::findAndLinkObjects [529])
[2013/11/28 16:20:49 INFO]    ... found Variation 'e57' (WormbaseLinkTasks::findAndLinkObjects [529])
[2013/11/28 16:20:49 INFO]    ... found Anatomy_name 'R5' (WormbaseLinkTasks::findAndLinkObjects [529])
[2013/11/28 16:20:49 INFO]    ... found Strain 'N2' (WormbaseLinkTasks::findAndLinkObjects [529])
[2013/11/28 16:20:49 INFO]       link_entity_in_xml: N2 (WormbaseLinkTasks::link_entity_in_xml [656])
[2013/11/28 16:20:49 INFO]       link_entity_in_xml: N2 (WormbaseLinkTasks::link_entity_in_xml [656])
[2013/11/28 16:20:49 INFO]    ** Linking special cases ** (WormbaseLinkTasks::linkSpecialCasesUsingPatternMatch [911])
[2013/11/28 16:20:49 INFO]      variation (caught with pattern match): rh24sb79 (WormbaseLinkTasks::linkSpecialVariationsUsingPatternMatch [1104])
[2013/11/28 16:20:49 INFO]      Linking rh24sb79 (WormbaseLinkTasks::linkSpecialVariationsUsingPatternMatch [1114])
[2013/11/28 16:20:49 INFO]      variation (caught with pattern match): rb24sb79 (WormbaseLinkTasks::linkSpecialVariationsUsingPatternMatch [1104])
[2013/11/28 16:20:49 INFO]      Linking sb79 (WormbaseLinkTasks::linkSpecialVariationsUsingPatternMatch [1155])
[2013/11/28 16:20:49 INFO]     ** Linking special genes using pattern match ** (WormbaseLinkTasks::linkSpecialGenesUsingPatternMatch [925])
[2013/11/28 16:20:51 WARN]  Couldn't create /Users/tharris/Dropbox/Projects/GSA-pipeline/scripts/../output/GSA/149310/first-pass: No such file or directory (WormbaseLinkTasks::_build_stage_directory [253])
[2013/11/28 16:20:51 WARN]  problem copying /Users/tharris/Dropbox/Projects/GSA-pipeline/scripts/../incoming_xml/GSA-149310.xml to /Users/tharris/Dropbox/Projects/GSA-pipeline/scripts/../output/GSA/149310/first-pass (main:: [105])
[2013/11/28 16:20:51 INFO]    ...done. Output file is available in /Users/tharris/Dropbox/Projects/GSA-pipeline/scripts/../output/GSA/149310/first-pass/GSA-149310-linked.xml (main:: [111])
[2013/11/28 16:20:51 INFO]    Building entity report for first-pass: 149310 (WormbaseLinkTasks::build_entity_report [1445])
[2013/11/28 16:20:55 INFO]      	Entity: ANC-1	Class: Gene	Status: live	Response: 200 OK (WormbaseLinkTasks::build_entity_report [1572])
[2013/11/28 16:20:57 INFO]      	Entity: BICD-1	Class: Gene	Status: live	Response: 200 OK (WormbaseLinkTasks::build_entity_report [1572])
[2013/11/28 16:21:00 INFO]      	Entity: CED-10	Class: Gene	Status: live	Response: 200 OK (WormbaseLinkTasks::build_entity_report [1572])
[2013/11/28 16:21:04 INFO]      	Entity: CFZ-2	Class: Gene	Status: live	Response: 200 OK (WormbaseLinkTasks::build_entity_report [1572])
[2013/11/28 16:21:07 INFO]      	Entity: CHE-3	Class: Gene	Status: live	Response: 200 OK (WormbaseLinkTasks::build_entity_report [1572])
[2013/11/28 16:21:10 INFO]      	Entity: CWN-1	Class: Gene	Status: live	Response: 200 OK (WormbaseLinkTasks::build_entity_report [1572])
[2013/11/28 16:21:12 INFO]      	Entity: CWN-2	Class: Gene	Status: live	Response: 200 OK (WormbaseLinkTasks::build_entity_report [1572])
[2013/11/28 16:21:15 INFO]      	Entity: DGN-1	Class: Gene	Status: live	Response: 200 OK (WormbaseLinkTasks::build_entity_report [1572])
[2013/11/28 16:21:18 INFO]      	Entity: DHC-1	Class: Gene	Status: live	Response: 200 OK (WormbaseLinkTasks::build_entity_report [1572])
[2013/11/28 16:21:21 INFO]      	Entity: EGL-20	Class: Gene	Status: live	Response: 200 OK (WormbaseLinkTasks::build_entity_report [1572])
[2013/11/28 16:21:24 INFO]      	Entity: ERM-1	Class: Gene	Status: live	Response: 200 OK (WormbaseLinkTasks::build_entity_report [1572])
[2013/11/28 16:21:27 INFO]      	Entity: KCA-1	Class: Gene	Status: live	Response: 200 OK (WormbaseLinkTasks::build_entity_report [1572])
[2013/11/28 16:21:29 INFO]      	Entity: KLC-1	Class: Gene	Status: live	Response: 200 OK (WormbaseLinkTasks::build_entity_report [1572])
[2013/11/28 16:21:32 INFO]      	Entity: KLC-2	Class: Gene	Status: live	Response: 200 OK (WormbaseLinkTasks::build_entity_report [1572])
[2013/11/28 16:21:35 INFO]      	Entity: KLP-11	Class: Gene	Status: live	Response: 200 OK (WormbaseLinkTasks::build_entity_report [1572])
[2013/11/28 16:21:38 INFO]      	Entity: LIN-17	Class: Gene	Status: live	Response: 200 OK (WormbaseLinkTasks::build_entity_report [1572])
[2013/11/28 16:21:41 INFO]      	Entity: LIN-44	Class: Gene	Status: live	Response: 200 OK (WormbaseLinkTasks::build_entity_report [1572])
[2013/11/28 16:21:43 INFO]      	Entity: MIG-1	Class: Gene	Status: live	Response: 200 OK (WormbaseLinkTasks::build_entity_report [1572])
[2013/11/28 16:21:46 INFO]      	Entity: MIG-10	Class: Gene	Status: live	Response: 200 OK (WormbaseLinkTasks::build_entity_report [1572])
[2013/11/28 16:21:49 INFO]      	Entity: MIG-15	Class: Gene	Status: live	Response: 200 OK (WormbaseLinkTasks::build_entity_report [1572])
[2013/11/28 16:21:51 INFO]      	Entity: MIG-2	Class: Gene	Status: live	Response: 200 OK (WormbaseLinkTasks::build_entity_report [1572])
[2013/11/28 16:21:55 INFO]      	Entity: MOM-2	Class: Gene	Status: live	Response: 200 OK (WormbaseLinkTasks::build_entity_report [1572])
[2013/11/28 16:21:58 INFO]      	Entity: MOM-5	Class: Gene	Status: live	Response: 200 OK (WormbaseLinkTasks::build_entity_report [1572])
[2013/11/28 16:22:00 INFO]      	Entity: N2	Class: Strain	Status: live	Response: 200 OK (WormbaseLinkTasks::build_entity_report [1572])
[2013/11/28 16:22:04 INFO]      	Entity: OP50	Class: Strain	Status: live	Response: 200 OK (WormbaseLinkTasks::build_entity_report [1572])
[2013/11/28 16:22:11 INFO]      	Entity: OSM-3	Class: Gene	Status: live	Response: 200 OK (WormbaseLinkTasks::build_entity_report [1572])
[2013/11/28 16:22:15 INFO]      	Entity: SAX-3	Class: Gene	Status: live	Response: 200 OK (WormbaseLinkTasks::build_entity_report [1572])
[2013/11/28 16:22:19 INFO]      	Entity: SAX-7	Class: Gene	Status: live	Response: 200 OK (WormbaseLinkTasks::build_entity_report [1572])
[2013/11/28 16:22:24 INFO]      	Entity: SLT-1	Class: Gene	Status: live	Response: 200 OK (WormbaseLinkTasks::build_entity_report [1572])
[2013/11/28 16:22:28 INFO]      	Entity: UNC-104	Class: Gene	Status: live	Response: 200 OK (WormbaseLinkTasks::build_entity_report [1572])
[2013/11/28 16:22:32 INFO]      	Entity: UNC-116	Class: Gene	Status: live	Response: 200 OK (WormbaseLinkTasks::build_entity_report [1572])
[2013/11/28 16:22:36 INFO]      	Entity: UNC-14	Class: Gene	Status: live	Response: 200 OK (WormbaseLinkTasks::build_entity_report [1572])
[2013/11/28 16:22:40 INFO]      	Entity: UNC-16	Class: Gene	Status: live	Response: 200 OK (WormbaseLinkTasks::build_entity_report [1572])
[2013/11/28 16:22:45 INFO]      	Entity: UNC-33	Class: Gene	Status: live	Response: 200 OK (WormbaseLinkTasks::build_entity_report [1572])
[2013/11/28 16:22:50 INFO]      	Entity: UNC-34	Class: Gene	Status: live	Response: 200 OK (WormbaseLinkTasks::build_entity_report [1572])
[2013/11/28 16:22:54 INFO]      	Entity: UNC-40	Class: Gene	Status: live	Response: 200 OK (WormbaseLinkTasks::build_entity_report [1572])
[2013/11/28 16:23:00 INFO]      	Entity: UNC-44	Class: Gene	Status: live	Response: 200 OK (WormbaseLinkTasks::build_entity_report [1572])
[2013/11/28 16:23:05 INFO]      	Entity: UNC-5	Class: Gene	Status: live	Response: 200 OK (WormbaseLinkTasks::build_entity_report [1572])
[2013/11/28 16:23:10 INFO]      	Entity: UNC-51	Class: Gene	Status: live	Response: 200 OK (WormbaseLinkTasks::build_entity_report [1572])
[2013/11/28 16:23:17 INFO]      	Entity: UNC-6	Class: Gene	Status: live	Response: 200 OK (WormbaseLinkTasks::build_entity_report [1572])
[2013/11/28 16:23:21 INFO]      	Entity: UNC-69	Class: Gene	Status: live	Response: 200 OK (WormbaseLinkTasks::build_entity_report [1572])
[2013/11/28 16:23:25 INFO]      	Entity: UNC-73	Class: Gene	Status: live	Response: 200 OK (WormbaseLinkTasks::build_entity_report [1572])
[2013/11/28 16:23:29 INFO]      	Entity: UNC-76	Class: Gene	Status: live	Response: 200 OK (WormbaseLinkTasks::build_entity_report [1572])
[2013/11/28 16:23:34 INFO]      	Entity: UNC-83	Class: Gene	Status: live	Response: 200 OK (WormbaseLinkTasks::build_entity_report [1572])
[2013/11/28 16:23:39 INFO]      	Entity: VAB-8	Class: Gene	Status: live	Response: 200 OK (WormbaseLinkTasks::build_entity_report [1572])
[2013/11/28 16:23:43 INFO]      	Entity: WVE-1	Class: Gene	Status: live	Response: 200 OK (WormbaseLinkTasks::build_entity_report [1572])
[2013/11/28 16:23:47 INFO]      	Entity: ZEN-4	Class: Gene	Status: live	Response: 200 OK (WormbaseLinkTasks::build_entity_report [1572])
[2013/11/28 16:23:51 INFO]      	Entity: ced-10	Class: Gene	Status: live	Response: 200 OK (WormbaseLinkTasks::build_entity_report [1572])
[2013/11/28 16:23:55 INFO]      	Entity: cfz-2	Class: Gene	Status: live	Response: 200 OK (WormbaseLinkTasks::build_entity_report [1572])
[2013/11/28 16:24:01 INFO]      	Entity: cg121	Class: Variation	Status: live	Response: 200 OK (WormbaseLinkTasks::build_entity_report [1572])
[2013/11/28 16:24:05 INFO]      	Entity: che-3	Class: Gene	Status: live	Response: 200 OK (WormbaseLinkTasks::build_entity_report [1572])
[2013/11/28 16:24:09 INFO]      	Entity: ct41	Class: Variation	Status: live	Response: 200 OK (WormbaseLinkTasks::build_entity_report [1572])
[2013/11/28 16:24:15 INFO]      	Entity: cwn-1	Class: Gene	Status: live	Response: 200 OK (WormbaseLinkTasks::build_entity_report [1572])
[2013/11/28 16:24:21 INFO]      	Entity: cwn-2	Class: Gene	Status: live	Response: 200 OK (WormbaseLinkTasks::build_entity_report [1572])
[2013/11/28 16:24:25 INFO]      	Entity: dgn-1	Class: Gene	Status: live	Response: 200 OK (WormbaseLinkTasks::build_entity_report [1572])
[2013/11/28 16:24:29 INFO]      	Entity: dhc-1	Class: Gene	Status: live	Response: 200 OK (WormbaseLinkTasks::build_entity_report [1572])
[2013/11/28 16:24:33 INFO]      	Entity: e109	Class: Variation	Status: live	Response: 200 OK (WormbaseLinkTasks::build_entity_report [1572])
[2013/11/28 16:24:38 INFO]      	Entity: e1124	Class: Variation	Status: live	Response: 200 OK (WormbaseLinkTasks::build_entity_report [1572])
[2013/11/28 16:24:42 INFO]      	Entity: e1265	Class: Variation	Status: live	Response: 200 OK (WormbaseLinkTasks::build_entity_report [1572])
[2013/11/28 16:24:46 INFO]      	Entity: e1313	Class: Variation	Status: live	Response: 200 OK (WormbaseLinkTasks::build_entity_report [1572])
[2013/11/28 16:24:51 INFO]      	Entity: e1787	Class: Variation	Status: live	Response: 200 OK (WormbaseLinkTasks::build_entity_report [1572])
[2013/11/28 16:24:55 INFO]      	Entity: e187	Class: Variation	Status: live	Response: 200 OK (WormbaseLinkTasks::build_entity_report [1572])
[2013/11/28 16:24:59 INFO]      	Entity: e204	Class: Variation	Status: live	Response: 200 OK (WormbaseLinkTasks::build_entity_report [1572])
[2013/11/28 16:25:04 INFO]      	Entity: e2310	Class: Variation	Status: live	Response: 200 OK (WormbaseLinkTasks::build_entity_report [1572])
[2013/11/28 16:25:08 INFO]      	Entity: e271	Class: Variation	Status: live	Response: 200 OK (WormbaseLinkTasks::build_entity_report [1572])
[2013/11/28 16:25:13 INFO]      	Entity: e362	Class: Variation	Status: live	Response: 200 OK (WormbaseLinkTasks::build_entity_report [1572])
[2013/11/28 16:25:17 INFO]      	Entity: e369	Class: Variation	Status: live	Response: 200 OK (WormbaseLinkTasks::build_entity_report [1572])
[2013/11/28 16:25:26 INFO]      	Entity: e53	Class: Variation	Status: live	Response: 200 OK (WormbaseLinkTasks::build_entity_report [1572])
[2013/11/28 16:25:30 INFO]      	Entity: e57	Class: Variation	Status: live	Response: 200 OK (WormbaseLinkTasks::build_entity_report [1572])
[2013/11/28 16:25:35 INFO]      	Entity: e587	Class: Variation	Status: live	Response: 200 OK (WormbaseLinkTasks::build_entity_report [1572])
[2013/11/28 16:25:40 INFO]      	Entity: e911	Class: Variation	Status: live	Response: 200 OK (WormbaseLinkTasks::build_entity_report [1572])
[2013/11/28 16:25:44 INFO]      	Entity: egl-15	Class: Gene	Status: live	Response: 200 OK (WormbaseLinkTasks::build_entity_report [1572])
[2013/11/28 16:25:48 INFO]      	Entity: egl-17	Class: Gene	Status: live	Response: 200 OK (WormbaseLinkTasks::build_entity_report [1572])
[2013/11/28 16:25:53 INFO]      	Entity: egl-20	Class: Gene	Status: live	Response: 200 OK (WormbaseLinkTasks::build_entity_report [1572])
[2013/11/28 16:25:57 INFO]      	Entity: eh15	Class: Variation	Status: live	Response: 200 OK (WormbaseLinkTasks::build_entity_report [1572])
[2013/11/28 16:26:02 INFO]      	Entity: ev400	Class: Variation	Status: live	Response: 200 OK (WormbaseLinkTasks::build_entity_report [1572])
[2013/11/28 16:26:06 INFO]      	Entity: flp-18	Class: Gene	Status: live	Response: 200 OK (WormbaseLinkTasks::build_entity_report [1572])
[2013/11/28 16:26:11 INFO]      	Entity: gk812	Class: Variation	Status: live	Response: 200 OK (WormbaseLinkTasks::build_entity_report [1572])
[2013/11/28 16:26:15 INFO]      	Entity: gm104	Class: Variation	Status: live	Response: 200 OK (WormbaseLinkTasks::build_entity_report [1572])
[2013/11/28 16:26:19 INFO]      	Entity: gm84	Class: Variation	Status: live	Response: 200 OK (WormbaseLinkTasks::build_entity_report [1572])
[2013/11/28 16:26:24 INFO]      	Entity: gpa-6	Class: Gene	Status: live	Response: 200 OK (WormbaseLinkTasks::build_entity_report [1572])
[2013/11/28 16:26:29 INFO]      	Entity: hf3	Class: Variation	Status: live	Response: 200 OK (WormbaseLinkTasks::build_entity_report [1572])
[2013/11/28 16:26:33 INFO]      	Entity: kca-1	Class: Gene	Status: live	Response: 200 OK (WormbaseLinkTasks::build_entity_report [1572])
[2013/11/28 16:26:38 INFO]      	Entity: klc-1	Class: Gene	Status: live	Response: 200 OK (WormbaseLinkTasks::build_entity_report [1572])
[2013/11/28 16:26:42 INFO]      	Entity: klc-2	Class: Gene	Status: live	Response: 200 OK (WormbaseLinkTasks::build_entity_report [1572])
[2013/11/28 16:26:46 INFO]      	Entity: klp-11	Class: Gene	Status: live	Response: 200 OK (WormbaseLinkTasks::build_entity_report [1572])
[2013/11/28 16:26:50 INFO]      	Entity: km11	Class: Variation	Status: live	Response: 200 OK (WormbaseLinkTasks::build_entity_report [1572])
[2013/11/28 16:26:54 INFO]      	Entity: ky123	Class: Variation	Status: live	Response: 200 OK (WormbaseLinkTasks::build_entity_report [1572])
[2013/11/28 16:26:58 INFO]      	Entity: lin-17	Class: Gene	Status: live	Response: 200 OK (WormbaseLinkTasks::build_entity_report [1572])
[2013/11/28 16:27:04 INFO]      	Entity: lin-44	Class: Gene	Status: live	Response: 200 OK (WormbaseLinkTasks::build_entity_report [1572])
[2013/11/28 16:27:08 INFO]      	Entity: mig-1	Class: Gene	Status: live	Response: 200 OK (WormbaseLinkTasks::build_entity_report [1572])
[2013/11/28 16:27:13 INFO]      	Entity: mig-10	Class: Gene	Status: live	Response: 200 OK (WormbaseLinkTasks::build_entity_report [1572])
[2013/11/28 16:27:19 INFO]      	Entity: mig-15	Class: Gene	Status: live	Response: 200 OK (WormbaseLinkTasks::build_entity_report [1572])
[2013/11/28 16:27:23 INFO]      	Entity: mig-2	Class: Gene	Status: live	Response: 200 OK (WormbaseLinkTasks::build_entity_report [1572])
[2013/11/28 16:27:27 INFO]      	Entity: mom-2	Class: Gene	Status: live	Response: 200 OK (WormbaseLinkTasks::build_entity_report [1572])
[2013/11/28 16:27:34 INFO]      	Entity: mom-5	Class: Gene	Status: live	Response: 200 OK (WormbaseLinkTasks::build_entity_report [1572])
[2013/11/28 16:27:38 INFO]      	Entity: mu28	Class: Variation	Status: live	Response: 200 OK (WormbaseLinkTasks::build_entity_report [1572])
[2013/11/28 16:27:43 INFO]      	Entity: mu39	Class: Variation	Status: live	Response: 200 OK (WormbaseLinkTasks::build_entity_report [1572])
[2013/11/28 16:27:48 INFO]      	Entity: n1792	Class: Variation	Status: live	Response: 200 OK (WormbaseLinkTasks::build_entity_report [1572])
[2013/11/28 16:27:53 INFO]      	Entity: n1993	Class: Variation	Status: live	Response: 200 OK (WormbaseLinkTasks::build_entity_report [1572])
[2013/11/28 16:27:58 INFO]      	Entity: n484	Class: Variation	Status: live	Response: 200 OK (WormbaseLinkTasks::build_entity_report [1572])
[2013/11/28 16:28:03 INFO]      	Entity: n585	Class: Variation	Status: live	Response: 200 OK (WormbaseLinkTasks::build_entity_report [1572])
[2013/11/28 16:28:08 INFO]      	Entity: n671	Class: Variation	Status: live	Response: 200 OK (WormbaseLinkTasks::build_entity_report [1572])
[2013/11/28 16:28:13 INFO]      	Entity: ne874	Class: Variation	Status: live	Response: 200 OK (WormbaseLinkTasks::build_entity_report [1572])
