Begin time = 2013-11-28 11:17:01

ANC-1	Gene	http://www.wormbase.org/db/get?name=ANC-1;class=Gene
2013-11-28 11:17:01
Status: live
2013-11-28 11:17:07

BICD-1	Gene	http://www.wormbase.org/db/get?name=BICD-1;class=Gene
2013-11-28 11:17:07
Status: live
2013-11-28 11:17:12

CED-10	Gene	http://www.wormbase.org/db/get?name=CED-10;class=Gene
2013-11-28 11:17:12
Status: live
2013-11-28 11:17:17

CFZ-2	Gene	http://www.wormbase.org/db/get?name=CFZ-2;class=Gene
2013-11-28 11:17:17
Status: live
2013-11-28 11:17:22

CHE-3	Gene	http://www.wormbase.org/db/get?name=CHE-3;class=Gene
2013-11-28 11:17:22
Status: live
2013-11-28 11:17:28

CWN-1	Gene	http://www.wormbase.org/db/get?name=CWN-1;class=Gene
2013-11-28 11:17:28
Status: live
2013-11-28 11:17:33

CWN-2	Gene	http://www.wormbase.org/db/get?name=CWN-2;class=Gene
2013-11-28 11:17:33
Status: live
2013-11-28 11:17:39

DGN-1	Gene	http://www.wormbase.org/db/get?name=DGN-1;class=Gene
2013-11-28 11:17:39
Status: live
2013-11-28 11:17:51

DHC-1	Gene	http://www.wormbase.org/db/get?name=DHC-1;class=Gene
2013-11-28 11:17:51
Status: live
2013-11-28 11:17:56

EGL-20	Gene	http://www.wormbase.org/db/get?name=EGL-20;class=Gene
2013-11-28 11:17:56
Status: live
2013-11-28 11:18:01

ERM-1	Gene	http://www.wormbase.org/db/get?name=ERM-1;class=Gene
2013-11-28 11:18:01
Status: live
2013-11-28 11:18:06

KCA-1	Gene	http://www.wormbase.org/db/get?name=KCA-1;class=Gene
2013-11-28 11:18:06
Status: live
2013-11-28 11:18:12

KLC-1	Gene	http://www.wormbase.org/db/get?name=KLC-1;class=Gene
2013-11-28 11:18:12
Status: live
2013-11-28 11:18:17

KLC-2	Gene	http://www.wormbase.org/db/get?name=KLC-2;class=Gene
2013-11-28 11:18:17
Status: live
2013-11-28 11:18:22

KLP-11	Gene	http://www.wormbase.org/db/get?name=KLP-11;class=Gene
2013-11-28 11:18:22
Status: live
2013-11-28 11:18:27

LIN-17	Gene	http://www.wormbase.org/db/get?name=LIN-17;class=Gene
2013-11-28 11:18:27
Status: live
2013-11-28 11:18:31

LIN-44	Gene	http://www.wormbase.org/db/get?name=LIN-44;class=Gene
2013-11-28 11:18:31
Status: live
2013-11-28 11:18:36

MIG-1	Gene	http://www.wormbase.org/db/get?name=MIG-1;class=Gene
2013-11-28 11:18:36
Status: live
2013-11-28 11:18:40

MIG-10	Gene	http://www.wormbase.org/db/get?name=MIG-10;class=Gene
2013-11-28 11:18:40
Status: live
2013-11-28 11:18:45

MIG-15	Gene	http://www.wormbase.org/db/get?name=MIG-15;class=Gene
2013-11-28 11:18:45
Status: live
2013-11-28 11:18:52

MIG-2	Gene	http://www.wormbase.org/db/get?name=MIG-2;class=Gene
2013-11-28 11:18:52
Status: live
2013-11-28 11:18:58

MOM-2	Gene	http://www.wormbase.org/db/get?name=MOM-2;class=Gene
2013-11-28 11:18:58
Status: live
2013-11-28 11:19:03

MOM-5	Gene	http://www.wormbase.org/db/get?name=MOM-5;class=Gene
2013-11-28 11:19:03
Status: live
2013-11-28 11:19:07

N2	Strain	http://www.wormbase.org/db/get?name=N2;class=Strain
2013-11-28 11:19:07
Status: live
2013-11-28 11:19:13

OP50	Strain	http://www.wormbase.org/db/get?name=OP50;class=Strain
2013-11-28 11:19:13
Status: live
2013-11-28 11:19:18

OSM-3	Gene	http://www.wormbase.org/db/get?name=OSM-3;class=Gene
2013-11-28 11:19:18
Status: live
2013-11-28 11:19:23

SAX-3	Gene	http://www.wormbase.org/db/get?name=SAX-3;class=Gene
2013-11-28 11:19:23
Status: live
2013-11-28 11:19:28

SAX-7	Gene	http://www.wormbase.org/db/get?name=SAX-7;class=Gene
2013-11-28 11:19:28
Status: live
2013-11-28 11:19:34

SLT-1	Gene	http://www.wormbase.org/db/get?name=SLT-1;class=Gene
2013-11-28 11:19:34
Status: live
2013-11-28 11:19:40

UNC-104	Gene	http://www.wormbase.org/db/get?name=UNC-104;class=Gene
2013-11-28 11:19:40
Status: live
2013-11-28 11:19:44

UNC-116	Gene	http://www.wormbase.org/db/get?name=UNC-116;class=Gene
2013-11-28 11:19:44
Status: live
2013-11-28 11:19:49

UNC-14	Gene	http://www.wormbase.org/db/get?name=UNC-14;class=Gene
2013-11-28 11:19:49
Status: live
2013-11-28 11:19:56

UNC-16	Gene	http://www.wormbase.org/db/get?name=UNC-16;class=Gene
2013-11-28 11:19:56
Status: live
2013-11-28 11:20:04

UNC-33	Gene	http://www.wormbase.org/db/get?name=UNC-33;class=Gene
2013-11-28 11:20:04
Status: live
2013-11-28 11:20:09

UNC-34	Gene	http://www.wormbase.org/db/get?name=UNC-34;class=Gene
2013-11-28 11:20:09
Status: live
2013-11-28 11:20:15

UNC-40	Gene	http://www.wormbase.org/db/get?name=UNC-40;class=Gene
2013-11-28 11:20:15
Status: live
2013-11-28 11:20:20

UNC-44	Gene	http://www.wormbase.org/db/get?name=UNC-44;class=Gene
2013-11-28 11:20:20
Status: live
2013-11-28 11:20:25

UNC-5	Gene	http://www.wormbase.org/db/get?name=UNC-5;class=Gene
2013-11-28 11:20:25
Status: live
2013-11-28 11:20:29

UNC-51	Gene	http://www.wormbase.org/db/get?name=UNC-51;class=Gene
2013-11-28 11:20:29
Status: live
2013-11-28 11:20:34

UNC-6	Gene	http://www.wormbase.org/db/get?name=UNC-6;class=Gene
2013-11-28 11:20:34
Status: live
2013-11-28 11:20:39

UNC-69	Gene	http://www.wormbase.org/db/get?name=UNC-69;class=Gene
2013-11-28 11:20:39
Status: live
2013-11-28 11:20:44

UNC-73	Gene	http://www.wormbase.org/db/get?name=UNC-73;class=Gene
2013-11-28 11:20:44
Status: live
2013-11-28 11:20:50

UNC-76	Gene	http://www.wormbase.org/db/get?name=UNC-76;class=Gene
2013-11-28 11:20:50
Status: live
2013-11-28 11:20:55

UNC-83	Gene	http://www.wormbase.org/db/get?name=UNC-83;class=Gene
2013-11-28 11:20:55
Status: live
2013-11-28 11:21:04

VAB-8	Gene	http://www.wormbase.org/db/get?name=VAB-8;class=Gene
2013-11-28 11:21:04
Status: live
2013-11-28 11:21:10

WVE-1	Gene	http://www.wormbase.org/db/get?name=WVE-1;class=Gene
2013-11-28 11:21:10
Status: live
2013-11-28 11:21:15

ZEN-4	Gene	http://www.wormbase.org/db/get?name=ZEN-4;class=Gene
2013-11-28 11:21:15
Status: live
2013-11-28 11:21:20

ced-10	Gene	http://www.wormbase.org/db/get?name=ced-10;class=Gene
2013-11-28 11:21:20
Status: live
2013-11-28 11:21:25

cfz-2	Gene	http://www.wormbase.org/db/get?name=cfz-2;class=Gene
2013-11-28 11:21:25
Status: live
2013-11-28 11:21:32

cg121	Variation	http://www.wormbase.org/db/get?name=cg121;class=Variation
2013-11-28 11:21:32
Status: live
2013-11-28 11:21:37

che-3	Gene	http://www.wormbase.org/db/get?name=che-3;class=Gene
2013-11-28 11:21:37
Status: live
2013-11-28 11:21:42

ct41	Variation	http://www.wormbase.org/db/get?name=ct41;class=Variation
2013-11-28 11:21:42
Status: live
2013-11-28 11:21:47

cwn-1	Gene	http://www.wormbase.org/db/get?name=cwn-1;class=Gene
2013-11-28 11:21:47
Status: live
2013-11-28 11:21:52

cwn-2	Gene	http://www.wormbase.org/db/get?name=cwn-2;class=Gene
2013-11-28 11:21:52
Status: live
2013-11-28 11:22:00

dgn-1	Gene	http://www.wormbase.org/db/get?name=dgn-1;class=Gene
2013-11-28 11:22:00
Status: live
2013-11-28 11:22:10

dhc-1	Gene	http://www.wormbase.org/db/get?name=dhc-1;class=Gene
2013-11-28 11:22:10
Status: live
2013-11-28 11:22:16

e109	Variation	http://www.wormbase.org/db/get?name=e109;class=Variation
2013-11-28 11:22:16
Status: live
2013-11-28 11:22:21

e1124	Variation	http://www.wormbase.org/db/get?name=e1124;class=Variation
2013-11-28 11:22:21
Status: live
2013-11-28 11:22:28

e1265	Variation	http://www.wormbase.org/db/get?name=e1265;class=Variation
2013-11-28 11:22:28
Status: live
2013-11-28 11:22:37

e1313	Variation	http://www.wormbase.org/db/get?name=e1313;class=Variation
2013-11-28 11:22:37
Status: live
2013-11-28 11:22:42

e1787	Variation	http://www.wormbase.org/db/get?name=e1787;class=Variation
2013-11-28 11:22:42
Status: live
2013-11-28 11:22:54

e187	Variation	http://www.wormbase.org/db/get?name=e187;class=Variation
2013-11-28 11:22:54
Status: live
2013-11-28 11:23:03

e204	Variation	http://www.wormbase.org/db/get?name=e204;class=Variation
2013-11-28 11:23:03
Status: live
2013-11-28 11:23:15

e2310	Variation	http://www.wormbase.org/db/get?name=e2310;class=Variation
2013-11-28 11:23:15
Status: live
2013-11-28 11:23:20

e271	Variation	http://www.wormbase.org/db/get?name=e271;class=Variation
2013-11-28 11:23:20
Status: live
2013-11-28 11:23:25

e362	Variation	http://www.wormbase.org/db/get?name=e362;class=Variation
2013-11-28 11:23:25
Status: live
2013-11-28 11:23:31

e369	Variation	http://www.wormbase.org/db/get?name=e369;class=Variation
2013-11-28 11:23:31
Status: live
2013-11-28 11:23:36

e53	Variation	http://www.wormbase.org/db/get?name=e53;class=Variation
2013-11-28 11:23:36
Status: live
2013-11-28 11:23:42

e57	Variation	http://www.wormbase.org/db/get?name=e57;class=Variation
2013-11-28 11:23:42
Status: live
2013-11-28 11:23:47

e587	Variation	http://www.wormbase.org/db/get?name=e587;class=Variation
2013-11-28 11:23:47
Status: live
2013-11-28 11:23:54

e911	Variation	http://www.wormbase.org/db/get?name=e911;class=Variation
2013-11-28 11:23:54
Status: live
2013-11-28 11:23:59

egl-15	Gene	http://www.wormbase.org/db/get?name=egl-15;class=Gene
2013-11-28 11:23:59
Status: live
2013-11-28 11:24:05

egl-17	Gene	http://www.wormbase.org/db/get?name=egl-17;class=Gene
2013-11-28 11:24:05
Status: live
2013-11-28 11:24:12

egl-20	Gene	http://www.wormbase.org/db/get?name=egl-20;class=Gene
2013-11-28 11:24:12
Status: live
2013-11-28 11:24:20

eh15	Variation	http://www.wormbase.org/db/get?name=eh15;class=Variation
2013-11-28 11:24:20
Status: live
2013-11-28 11:24:26

ev400	Variation	http://www.wormbase.org/db/get?name=ev400;class=Variation
2013-11-28 11:24:26
Status: live
2013-11-28 11:24:31

flp-18	Gene	http://www.wormbase.org/db/get?name=flp-18;class=Gene
2013-11-28 11:24:31
Status: live
2013-11-28 11:24:36

gk812	Variation	http://www.wormbase.org/db/get?name=gk812;class=Variation
2013-11-28 11:24:36
Status: live
2013-11-28 11:24:40

gm104	Variation	http://www.wormbase.org/db/get?name=gm104;class=Variation
2013-11-28 11:24:40
Status: live
2013-11-28 11:24:45

gm84	Variation	http://www.wormbase.org/db/get?name=gm84;class=Variation
2013-11-28 11:24:45
Status: live
2013-11-28 11:24:50

gpa-6	Gene	http://www.wormbase.org/db/get?name=gpa-6;class=Gene
2013-11-28 11:24:50
Status: live
2013-11-28 11:24:55

hf3	Variation	http://www.wormbase.org/db/get?name=hf3;class=Variation
2013-11-28 11:24:55
Status: live
2013-11-28 11:25:00

kca-1	Gene	http://www.wormbase.org/db/get?name=kca-1;class=Gene
2013-11-28 11:25:00
Status: live
2013-11-28 11:25:05

klc-1	Gene	http://www.wormbase.org/db/get?name=klc-1;class=Gene
2013-11-28 11:25:05
Status: live
2013-11-28 11:25:09

klc-2	Gene	http://www.wormbase.org/db/get?name=klc-2;class=Gene
2013-11-28 11:25:09
Status: live
2013-11-28 11:25:15

klp-11	Gene	http://www.wormbase.org/db/get?name=klp-11;class=Gene
2013-11-28 11:25:15
Status: live
2013-11-28 11:25:22

km11	Variation	http://www.wormbase.org/db/get?name=km11;class=Variation
2013-11-28 11:25:22
Status: live
2013-11-28 11:25:27

ky123	Variation	http://www.wormbase.org/db/get?name=ky123;class=Variation
2013-11-28 11:25:27
Status: live
2013-11-28 11:25:31

lin-17	Gene	http://www.wormbase.org/db/get?name=lin-17;class=Gene
2013-11-28 11:25:31
Status: live
2013-11-28 11:25:36

lin-44	Gene	http://www.wormbase.org/db/get?name=lin-44;class=Gene
2013-11-28 11:25:36
Status: live
2013-11-28 11:25:41

mig-1	Gene	http://www.wormbase.org/db/get?name=mig-1;class=Gene
2013-11-28 11:25:41
Status: live
2013-11-28 11:25:46

mig-10	Gene	http://www.wormbase.org/db/get?name=mig-10;class=Gene
2013-11-28 11:25:46
Status: live
2013-11-28 11:25:52

mig-15	Gene	http://www.wormbase.org/db/get?name=mig-15;class=Gene
2013-11-28 11:25:52
Status: live
2013-11-28 11:25:57

mig-2	Gene	http://www.wormbase.org/db/get?name=mig-2;class=Gene
2013-11-28 11:25:57
Status: live
2013-11-28 11:26:03

mom-2	Gene	http://www.wormbase.org/db/get?name=mom-2;class=Gene
2013-11-28 11:26:03
Status: live
2013-11-28 11:26:07

mom-5	Gene	http://www.wormbase.org/db/get?name=mom-5;class=Gene
2013-11-28 11:26:07
Status: live
2013-11-28 11:26:12

mu28	Variation	http://www.wormbase.org/db/get?name=mu28;class=Variation
2013-11-28 11:26:12
Status: live
2013-11-28 11:26:16

mu39	Variation	http://www.wormbase.org/db/get?name=mu39;class=Variation
2013-11-28 11:26:16
Status: live
2013-11-28 11:26:21

n1792	Variation	http://www.wormbase.org/db/get?name=n1792;class=Variation
2013-11-28 11:26:21
Status: live
2013-11-28 11:26:29

n1993	Variation	http://www.wormbase.org/db/get?name=n1993;class=Variation
2013-11-28 11:26:29
Status: live
2013-11-28 11:26:34

n484	Variation	http://www.wormbase.org/db/get?name=n484;class=Variation
2013-11-28 11:26:34
Status: live
2013-11-28 11:26:40

n585	Variation	http://www.wormbase.org/db/get?name=n585;class=Variation
2013-11-28 11:26:40
Status: live
2013-11-28 11:26:44

n671	Variation	http://www.wormbase.org/db/get?name=n671;class=Variation
2013-11-28 11:26:44
Status: live
2013-11-28 11:26:50

ne874	Variation	http://www.wormbase.org/db/get?name=ne874;class=Variation
2013-11-28 11:26:50
Status: live
2013-11-28 11:26:55

nj48	Variation	http://www.wormbase.org/db/get?name=nj48;class=Variation
2013-11-28 11:26:55
Status: live
2013-11-28 11:26:59

nlp-1	Gene	http://www.wormbase.org/db/get?name=nlp-1;class=Gene
2013-11-28 11:26:59
Status: live
2013-11-28 11:27:04

odr-1	Gene	http://www.wormbase.org/db/get?name=odr-1;class=Gene
2013-11-28 11:27:04
Status: live
2013-11-28 11:27:10

ok1201	Variation	http://www.wormbase.org/db/get?name=ok1201;class=Variation
2013-11-28 11:27:10
Status: live
2013-11-28 11:27:15

ok2609	Variation	http://www.wormbase.org/db/get?name=ok2609;class=Variation
2013-11-28 11:27:15
Status: live
2013-11-28 11:27:20

ok2777	Variation	http://www.wormbase.org/db/get?name=ok2777;class=Variation
2013-11-28 11:27:20
Status: live
2013-11-28 11:27:25

ok3308	Variation	http://www.wormbase.org/db/get?name=ok3308;class=Variation
2013-11-28 11:27:25
Status: live
2013-11-28 11:27:33

ok546	Variation	http://www.wormbase.org/db/get?name=ok546;class=Variation
2013-11-28 11:27:33
Status: live
2013-11-28 11:27:38

ok895	Variation	http://www.wormbase.org/db/get?name=ok895;class=Variation
2013-11-28 11:27:38
Status: live
2013-11-28 11:27:43

or153	Variation	http://www.wormbase.org/db/get?name=or153;class=Variation
2013-11-28 11:27:43
Status: live
2013-11-28 11:27:48

or283ts	Variation	http://www.wormbase.org/db/get?name=or283;class=Variation
2013-11-28 11:27:48
Status: live
2013-11-28 11:27:53

or352ts	Variation	http://www.wormbase.org/db/get?name=or352;class=Variation
2013-11-28 11:27:53
Status: live
2013-11-28 11:27:59

or77	Variation	http://www.wormbase.org/db/get?name=or77;class=Variation
2013-11-28 11:27:59
Status: live
2013-11-28 11:28:03

or85	Variation	http://www.wormbase.org/db/get?name=or85;class=Variation
2013-11-28 11:28:03
Status: live
2013-11-28 11:28:08

osm-3	Gene	http://www.wormbase.org/db/get?name=osm-3;class=Gene
2013-11-28 11:28:08
Status: live
2013-11-28 11:28:13

otIs45	Transgene	http://www.wormbase.org/db/get?name=otIs45;class=Transgene
2013-11-28 11:28:13
Status: live
2013-11-28 11:28:18

rh148	Variation	http://www.wormbase.org/db/get?name=rh148;class=Variation
2013-11-28 11:28:18
Status: live
2013-11-28 11:28:22

rh24	Variation	http://www.wormbase.org/db/get?name=rh24;class=Variation
2013-11-28 11:28:22
Status: live
2013-11-28 11:28:26

rh40	Variation	http://www.wormbase.org/db/get?name=rh40;class=Variation
2013-11-28 11:28:26
Status: live
2013-11-28 11:28:32

sax-3	Gene	http://www.wormbase.org/db/get?name=sax-3;class=Gene
2013-11-28 11:28:32
Status: live
2013-11-28 11:28:39

sax-7	Gene	http://www.wormbase.org/db/get?name=sax-7;class=Gene
2013-11-28 11:28:39
Status: live
2013-11-28 11:28:43

sb79	Variation	http://www.wormbase.org/db/get?name=sb79;class=Variation
2013-11-28 11:28:43
Status: live
2013-11-28 11:28:49

slt-1	Gene	http://www.wormbase.org/db/get?name=slt-1;class=Gene
2013-11-28 11:28:49
Status: live
2013-11-28 11:28:54

tm324	Variation	http://www.wormbase.org/db/get?name=tm324;class=Variation
2013-11-28 11:28:54
Status: live
2013-11-28 11:29:00

unc-104	Gene	http://www.wormbase.org/db/get?name=unc-104;class=Gene
2013-11-28 11:29:00
Status: live
2013-11-28 11:29:05

unc-116	Gene	http://www.wormbase.org/db/get?name=unc-116;class=Gene
2013-11-28 11:29:05
Status: live
2013-11-28 11:29:10

unc-122	Gene	http://www.wormbase.org/db/get?name=unc-122;class=Gene
2013-11-28 11:29:10
Status: live
2013-11-28 11:29:16

unc-14	Gene	http://www.wormbase.org/db/get?name=unc-14;class=Gene
2013-11-28 11:29:16
Status: live
2013-11-28 11:29:21

unc-16	Gene	http://www.wormbase.org/db/get?name=unc-16;class=Gene
2013-11-28 11:29:21
Status: live
2013-11-28 11:29:27

unc-33	Gene	http://www.wormbase.org/db/get?name=unc-33;class=Gene
2013-11-28 11:29:27
Status: live
2013-11-28 11:29:33

unc-34	Gene	http://www.wormbase.org/db/get?name=unc-34;class=Gene
2013-11-28 11:29:33
Status: live
2013-11-28 11:29:41

unc-40	Gene	http://www.wormbase.org/db/get?name=unc-40;class=Gene
2013-11-28 11:29:41
Status: live
2013-11-28 11:29:46

unc-44	Gene	http://www.wormbase.org/db/get?name=unc-44;class=Gene
2013-11-28 11:29:46
Status: live
2013-11-28 11:29:51

unc-5	Gene	http://www.wormbase.org/db/get?name=unc-5;class=Gene
2013-11-28 11:29:51
Status: live
2013-11-28 11:29:56

unc-51	Gene	http://www.wormbase.org/db/get?name=unc-51;class=Gene
2013-11-28 11:29:56
Status: live
2013-11-28 11:30:00

unc-6	Gene	http://www.wormbase.org/db/get?name=unc-6;class=Gene
2013-11-28 11:30:00
Status: live
2013-11-28 11:30:05

unc-69	Gene	http://www.wormbase.org/db/get?name=unc-69;class=Gene
2013-11-28 11:30:05
Status: live
2013-11-28 11:30:10

unc-73	Gene	http://www.wormbase.org/db/get?name=unc-73;class=Gene
2013-11-28 11:30:10
Status: live
2013-11-28 11:30:14

unc-76	Gene	http://www.wormbase.org/db/get?name=unc-76;class=Gene
2013-11-28 11:30:14
Status: live
2013-11-28 11:30:20

vab-8	Gene	http://www.wormbase.org/db/get?name=vab-8;class=Gene
2013-11-28 11:30:20
Status: live
2013-11-28 11:30:24

wve-1	Gene	http://www.wormbase.org/db/get?name=wve-1;class=Gene
2013-11-28 11:30:24
Status: live
2013-11-28 11:30:29

wyEx1916	Transgene	http://www.wormbase.org/db/get?name=wyEx1916;class=Transgene
2013-11-28 11:30:29
Status: live
2013-11-28 11:30:34

wyIs154	Transgene	http://www.wormbase.org/db/get?name=wyIs154;class=Transgene
2013-11-28 11:30:34
Status: live
2013-11-28 11:30:38

wyIs155	Transgene	http://www.wormbase.org/db/get?name=wyIs155;class=Transgene
2013-11-28 11:30:38
Status: live
2013-11-28 11:30:42

wyIs157	Transgene	http://www.wormbase.org/db/get?name=wyIs157;class=Transgene
2013-11-28 11:30:42
Status: live
2013-11-28 11:30:49

zdIs5	Transgene	http://www.wormbase.org/db/get?name=zdIs5;class=Transgene
2013-11-28 11:30:49
Status: live
2013-11-28 11:30:54

zen-4	Gene	http://www.wormbase.org/db/get?name=zen-4;class=Gene
2013-11-28 11:30:54
Status: live
2013-11-28 11:30:59

End time: 2013-11-28 11:30:59

