Begin time = 2013-11-28 09:46:56

ANC-1	Gene	http://www.wormbase.org/db/get?name=ANC-1;class=Gene
2013-11-28 09:46:56
Status: live
2013-11-28 09:47:03

BICD-1	Gene	http://www.wormbase.org/db/get?name=BICD-1;class=Gene
2013-11-28 09:47:03
Status: live
2013-11-28 09:47:07

CED-10	Gene	http://www.wormbase.org/db/get?name=CED-10;class=Gene
2013-11-28 09:47:07
Status: live
2013-11-28 09:47:10

CFZ-2	Gene	http://www.wormbase.org/db/get?name=CFZ-2;class=Gene
2013-11-28 09:47:10
Status: live
2013-11-28 09:47:14

CHE-3	Gene	http://www.wormbase.org/db/get?name=CHE-3;class=Gene
2013-11-28 09:47:14
Status: live
2013-11-28 09:47:18

CWN-1	Gene	http://www.wormbase.org/db/get?name=CWN-1;class=Gene
2013-11-28 09:47:18
Status: live
2013-11-28 09:47:23

CWN-2	Gene	http://www.wormbase.org/db/get?name=CWN-2;class=Gene
2013-11-28 09:47:23
Status: live
2013-11-28 09:47:28

DGN-1	Gene	http://www.wormbase.org/db/get?name=DGN-1;class=Gene
2013-11-28 09:47:28
Status: live
2013-11-28 09:47:33

DHC-1	Gene	http://www.wormbase.org/db/get?name=DHC-1;class=Gene
2013-11-28 09:47:33
Status: live
2013-11-28 09:47:38

EGL-20	Gene	http://www.wormbase.org/db/get?name=EGL-20;class=Gene
2013-11-28 09:47:38
Status: live
2013-11-28 09:47:43

ERM-1	Gene	http://www.wormbase.org/db/get?name=ERM-1;class=Gene
2013-11-28 09:47:43
Status: live
2013-11-28 09:47:48

KCA-1	Gene	http://www.wormbase.org/db/get?name=KCA-1;class=Gene
2013-11-28 09:47:48
Status: live
2013-11-28 09:47:53

KLC-1	Gene	http://www.wormbase.org/db/get?name=KLC-1;class=Gene
2013-11-28 09:47:53
Status: live
2013-11-28 09:47:57

KLC-2	Gene	http://www.wormbase.org/db/get?name=KLC-2;class=Gene
2013-11-28 09:47:57
Status: live
2013-11-28 09:48:05

KLP-11	Gene	http://www.wormbase.org/db/get?name=KLP-11;class=Gene
2013-11-28 09:48:05
Status: live
2013-11-28 09:48:15

LIN-17	Gene	http://www.wormbase.org/db/get?name=LIN-17;class=Gene
2013-11-28 09:48:15
Status: live
2013-11-28 09:48:19

LIN-44	Gene	http://www.wormbase.org/db/get?name=LIN-44;class=Gene
2013-11-28 09:48:19
Status: live
2013-11-28 09:48:25

MIG-1	Gene	http://www.wormbase.org/db/get?name=MIG-1;class=Gene
2013-11-28 09:48:25
Status: live
2013-11-28 09:48:29

MIG-10	Gene	http://www.wormbase.org/db/get?name=MIG-10;class=Gene
2013-11-28 09:48:29
Status: live
2013-11-28 09:48:35

MIG-15	Gene	http://www.wormbase.org/db/get?name=MIG-15;class=Gene
2013-11-28 09:48:35
Status: live
2013-11-28 09:48:40

MIG-2	Gene	http://www.wormbase.org/db/get?name=MIG-2;class=Gene
2013-11-28 09:48:40
Status: live
2013-11-28 09:48:45

MOM-2	Gene	http://www.wormbase.org/db/get?name=MOM-2;class=Gene
2013-11-28 09:48:45
Status: live
2013-11-28 09:48:49

MOM-5	Gene	http://www.wormbase.org/db/get?name=MOM-5;class=Gene
2013-11-28 09:48:49
Status: live
2013-11-28 09:48:55

N2	Strain	http://www.wormbase.org/db/get?name=N2;class=Strain
2013-11-28 09:48:55
Status: live
2013-11-28 09:49:00

OP50	Strain	http://www.wormbase.org/db/get?name=OP50;class=Strain
2013-11-28 09:49:00
Status: live
2013-11-28 09:49:04

OSM-3	Gene	http://www.wormbase.org/db/get?name=OSM-3;class=Gene
2013-11-28 09:49:04
Status: live
2013-11-28 09:49:12

SAX-3	Gene	http://www.wormbase.org/db/get?name=SAX-3;class=Gene
2013-11-28 09:49:12
Status: live
2013-11-28 09:49:17

SAX-7	Gene	http://www.wormbase.org/db/get?name=SAX-7;class=Gene
2013-11-28 09:49:17
Status: live
2013-11-28 09:49:21

SLT-1	Gene	http://www.wormbase.org/db/get?name=SLT-1;class=Gene
2013-11-28 09:49:21
Status: live
2013-11-28 09:49:27

UNC-104	Gene	http://www.wormbase.org/db/get?name=UNC-104;class=Gene
2013-11-28 09:49:27
Status: live
2013-11-28 09:49:32

UNC-116	Gene	http://www.wormbase.org/db/get?name=UNC-116;class=Gene
2013-11-28 09:49:32
Status: live
2013-11-28 09:49:37

UNC-14	Gene	http://www.wormbase.org/db/get?name=UNC-14;class=Gene
2013-11-28 09:49:37
Status: live
2013-11-28 09:49:43

UNC-16	Gene	http://www.wormbase.org/db/get?name=UNC-16;class=Gene
2013-11-28 09:49:43
Status: live
2013-11-28 09:49:48

UNC-33	Gene	http://www.wormbase.org/db/get?name=UNC-33;class=Gene
2013-11-28 09:49:48
Status: live
2013-11-28 09:49:53

UNC-34	Gene	http://www.wormbase.org/db/get?name=UNC-34;class=Gene
2013-11-28 09:49:53
Status: live
2013-11-28 09:49:58

UNC-40	Gene	http://www.wormbase.org/db/get?name=UNC-40;class=Gene
2013-11-28 09:49:58
Status: live
2013-11-28 09:50:03

UNC-44	Gene	http://www.wormbase.org/db/get?name=UNC-44;class=Gene
2013-11-28 09:50:03
Status: live
2013-11-28 09:50:09

UNC-5	Gene	http://www.wormbase.org/db/get?name=UNC-5;class=Gene
2013-11-28 09:50:09
Status: live
2013-11-28 09:50:19

UNC-51	Gene	http://www.wormbase.org/db/get?name=UNC-51;class=Gene
2013-11-28 09:50:19
Status: live
2013-11-28 09:50:24

UNC-6	Gene	http://www.wormbase.org/db/get?name=UNC-6;class=Gene
2013-11-28 09:50:24
Status: live
2013-11-28 09:50:30

UNC-69	Gene	http://www.wormbase.org/db/get?name=UNC-69;class=Gene
2013-11-28 09:50:30
Status: live
2013-11-28 09:50:35

UNC-73	Gene	http://www.wormbase.org/db/get?name=UNC-73;class=Gene
2013-11-28 09:50:35
Status: live
2013-11-28 09:50:39

UNC-76	Gene	http://www.wormbase.org/db/get?name=UNC-76;class=Gene
2013-11-28 09:50:39
Status: live
2013-11-28 09:50:44

UNC-83	Gene	http://www.wormbase.org/db/get?name=UNC-83;class=Gene
2013-11-28 09:50:44
Status: live
2013-11-28 09:50:49

VAB-8	Gene	http://www.wormbase.org/db/get?name=VAB-8;class=Gene
2013-11-28 09:50:49
Status: live
2013-11-28 09:50:55

WVE-1	Gene	http://www.wormbase.org/db/get?name=WVE-1;class=Gene
2013-11-28 09:50:55
Status: live
2013-11-28 09:51:01

ZEN-4	Gene	http://www.wormbase.org/db/get?name=ZEN-4;class=Gene
2013-11-28 09:51:01
Status: live
2013-11-28 09:51:05

ced-10	Gene	http://www.wormbase.org/db/get?name=ced-10;class=Gene
2013-11-28 09:51:05
Status: live
2013-11-28 09:51:10

cfz-2	Gene	http://www.wormbase.org/db/get?name=cfz-2;class=Gene
2013-11-28 09:51:10
Status: live
2013-11-28 09:51:15

cg121	Variation	http://www.wormbase.org/db/get?name=cg121;class=Variation
2013-11-28 09:51:15
Status: live
2013-11-28 09:51:24

che-3	Gene	http://www.wormbase.org/db/get?name=che-3;class=Gene
2013-11-28 09:51:24
Status: live
2013-11-28 09:51:28

ct41	Variation	http://www.wormbase.org/db/get?name=ct41;class=Variation
2013-11-28 09:51:28
Status: live
2013-11-28 09:51:33

cwn-1	Gene	http://www.wormbase.org/db/get?name=cwn-1;class=Gene
2013-11-28 09:51:33
Status: live
2013-11-28 09:51:37

cwn-2	Gene	http://www.wormbase.org/db/get?name=cwn-2;class=Gene
2013-11-28 09:51:37
Status: live
2013-11-28 09:51:41

dgn-1	Gene	http://www.wormbase.org/db/get?name=dgn-1;class=Gene
2013-11-28 09:51:41
Status: live
2013-11-28 09:51:45

dhc-1	Gene	http://www.wormbase.org/db/get?name=dhc-1;class=Gene
2013-11-28 09:51:45
Status: live
2013-11-28 09:51:49

e109	Variation	http://www.wormbase.org/db/get?name=e109;class=Variation
2013-11-28 09:51:49
Status: live
2013-11-28 09:51:54

e1124	Variation	http://www.wormbase.org/db/get?name=e1124;class=Variation
2013-11-28 09:51:54
Status: live
2013-11-28 09:51:59

e1265	Variation	http://www.wormbase.org/db/get?name=e1265;class=Variation
2013-11-28 09:51:59
Status: live
2013-11-28 09:52:04

e1313	Variation	http://www.wormbase.org/db/get?name=e1313;class=Variation
2013-11-28 09:52:04
Status: live
2013-11-28 09:52:07

e1787	Variation	http://www.wormbase.org/db/get?name=e1787;class=Variation
2013-11-28 09:52:07
Status: live
2013-11-28 09:52:11

e187	Variation	http://www.wormbase.org/db/get?name=e187;class=Variation
2013-11-28 09:52:11
Status: live
2013-11-28 09:52:16

e204	Variation	http://www.wormbase.org/db/get?name=e204;class=Variation
2013-11-28 09:52:16
Status: live
2013-11-28 09:52:20

e2310	Variation	http://www.wormbase.org/db/get?name=e2310;class=Variation
2013-11-28 09:52:20
Status: live
2013-11-28 09:52:28

e271	Variation	http://www.wormbase.org/db/get?name=e271;class=Variation
2013-11-28 09:52:28
Status: live
2013-11-28 09:52:32

e362	Variation	http://www.wormbase.org/db/get?name=e362;class=Variation
2013-11-28 09:52:32
Status: live
2013-11-28 09:52:37

e369	Variation	http://www.wormbase.org/db/get?name=e369;class=Variation
2013-11-28 09:52:37
Status: live
2013-11-28 09:52:42

e53	Variation	http://www.wormbase.org/db/get?name=e53;class=Variation
2013-11-28 09:52:42
Status: live
2013-11-28 09:52:47

e57	Variation	http://www.wormbase.org/db/get?name=e57;class=Variation
2013-11-28 09:52:47
Status: live
2013-11-28 09:52:52

e587	Variation	http://www.wormbase.org/db/get?name=e587;class=Variation
2013-11-28 09:52:52
Status: live
2013-11-28 09:52:57

e911	Variation	http://www.wormbase.org/db/get?name=e911;class=Variation
2013-11-28 09:52:57
Status: live
2013-11-28 09:53:01

egl-15	Gene	http://www.wormbase.org/db/get?name=egl-15;class=Gene
2013-11-28 09:53:01
Status: live
2013-11-28 09:53:06

egl-17	Gene	http://www.wormbase.org/db/get?name=egl-17;class=Gene
2013-11-28 09:53:06
Status: live
2013-11-28 09:53:11

egl-20	Gene	http://www.wormbase.org/db/get?name=egl-20;class=Gene
2013-11-28 09:53:11
Status: live
2013-11-28 09:53:15

eh15	Variation	http://www.wormbase.org/db/get?name=eh15;class=Variation
2013-11-28 09:53:15
Status: live
2013-11-28 09:53:20

ev400	Variation	http://www.wormbase.org/db/get?name=ev400;class=Variation
2013-11-28 09:53:20
Status: live
2013-11-28 09:53:31

flp-18	Gene	http://www.wormbase.org/db/get?name=flp-18;class=Gene
2013-11-28 09:53:31
Status: live
2013-11-28 09:53:36

gk812	Variation	http://www.wormbase.org/db/get?name=gk812;class=Variation
2013-11-28 09:53:36
Status: live
2013-11-28 09:53:40

gm104	Variation	http://www.wormbase.org/db/get?name=gm104;class=Variation
2013-11-28 09:53:40
Status: live
2013-11-28 09:53:47

gm84	Variation	http://www.wormbase.org/db/get?name=gm84;class=Variation
2013-11-28 09:53:47
Status: live
2013-11-28 09:53:52

gpa-6	Gene	http://www.wormbase.org/db/get?name=gpa-6;class=Gene
2013-11-28 09:53:52
Status: live
2013-11-28 09:53:57

hf3	Variation	http://www.wormbase.org/db/get?name=hf3;class=Variation
2013-11-28 09:53:57
Status: live
2013-11-28 09:54:02

kca-1	Gene	http://www.wormbase.org/db/get?name=kca-1;class=Gene
2013-11-28 09:54:02
Status: live
2013-11-28 09:54:08

klc-1	Gene	http://www.wormbase.org/db/get?name=klc-1;class=Gene
2013-11-28 09:54:08
Status: live
2013-11-28 09:54:15

klc-2	Gene	http://www.wormbase.org/db/get?name=klc-2;class=Gene
2013-11-28 09:54:15
Status: live
2013-11-28 09:54:21

klp-11	Gene	http://www.wormbase.org/db/get?name=klp-11;class=Gene
2013-11-28 09:54:21
Status: live
2013-11-28 09:54:28

km11	Variation	http://www.wormbase.org/db/get?name=km11;class=Variation
2013-11-28 09:54:28
Status: live
2013-11-28 09:54:35

ky123	Variation	http://www.wormbase.org/db/get?name=ky123;class=Variation
2013-11-28 09:54:35
Status: live
2013-11-28 09:54:40

lin-17	Gene	http://www.wormbase.org/db/get?name=lin-17;class=Gene
2013-11-28 09:54:40
Status: live
2013-11-28 09:54:45

lin-44	Gene	http://www.wormbase.org/db/get?name=lin-44;class=Gene
2013-11-28 09:54:45
Status: live
2013-11-28 09:54:50

mig-1	Gene	http://www.wormbase.org/db/get?name=mig-1;class=Gene
2013-11-28 09:54:50
Status: live
2013-11-28 09:54:56

mig-10	Gene	http://www.wormbase.org/db/get?name=mig-10;class=Gene
2013-11-28 09:54:56
Status: live
2013-11-28 09:55:02

mig-15	Gene	http://www.wormbase.org/db/get?name=mig-15;class=Gene
2013-11-28 09:55:02
Status: live
2013-11-28 09:55:06

mig-2	Gene	http://www.wormbase.org/db/get?name=mig-2;class=Gene
2013-11-28 09:55:06
Status: live
2013-11-28 09:55:12

mom-2	Gene	http://www.wormbase.org/db/get?name=mom-2;class=Gene
2013-11-28 09:55:12
Status: live
2013-11-28 09:55:17

mom-5	Gene	http://www.wormbase.org/db/get?name=mom-5;class=Gene
2013-11-28 09:55:17
Status: live
2013-11-28 09:55:23

mu28	Variation	http://www.wormbase.org/db/get?name=mu28;class=Variation
2013-11-28 09:55:23
Status: live
2013-11-28 09:55:28

mu39	Variation	http://www.wormbase.org/db/get?name=mu39;class=Variation
2013-11-28 09:55:28
Status: live
2013-11-28 09:55:33

n1792	Variation	http://www.wormbase.org/db/get?name=n1792;class=Variation
2013-11-28 09:55:33
Status: live
2013-11-28 09:55:41

n1993	Variation	http://www.wormbase.org/db/get?name=n1993;class=Variation
2013-11-28 09:55:41
Status: live
2013-11-28 09:55:46

n484	Variation	http://www.wormbase.org/db/get?name=n484;class=Variation
2013-11-28 09:55:46
Status: live
2013-11-28 09:55:50

n585	Variation	http://www.wormbase.org/db/get?name=n585;class=Variation
2013-11-28 09:55:50
Status: live
2013-11-28 09:55:56

n671	Variation	http://www.wormbase.org/db/get?name=n671;class=Variation
2013-11-28 09:55:56
Status: live
2013-11-28 09:56:01

ne874	Variation	http://www.wormbase.org/db/get?name=ne874;class=Variation
2013-11-28 09:56:01
Status: live
2013-11-28 09:56:06

nj48	Variation	http://www.wormbase.org/db/get?name=nj48;class=Variation
2013-11-28 09:56:06
Status: live
2013-11-28 09:56:11

nlp-1	Gene	http://www.wormbase.org/db/get?name=nlp-1;class=Gene
2013-11-28 09:56:11
Status: live
2013-11-28 09:56:15

odr-1	Gene	http://www.wormbase.org/db/get?name=odr-1;class=Gene
2013-11-28 09:56:15
Status: live
2013-11-28 09:56:20

ok1201	Variation	http://www.wormbase.org/db/get?name=ok1201;class=Variation
2013-11-28 09:56:20
Status: live
2013-11-28 09:56:25

ok2609	Variation	http://www.wormbase.org/db/get?name=ok2609;class=Variation
2013-11-28 09:56:25
Status: live
2013-11-28 09:56:30

ok2777	Variation	http://www.wormbase.org/db/get?name=ok2777;class=Variation
2013-11-28 09:56:30
Status: live
2013-11-28 09:56:35

ok3308	Variation	http://www.wormbase.org/db/get?name=ok3308;class=Variation
2013-11-28 09:56:35
Status: live
2013-11-28 09:56:39

ok546	Variation	http://www.wormbase.org/db/get?name=ok546;class=Variation
2013-11-28 09:56:39
Status: live
2013-11-28 09:56:49

ok895	Variation	http://www.wormbase.org/db/get?name=ok895;class=Variation
2013-11-28 09:56:49
Status: live
2013-11-28 09:56:54

or153	Variation	http://www.wormbase.org/db/get?name=or153;class=Variation
2013-11-28 09:56:54
Status: live
2013-11-28 09:56:59

or283ts	Variation	http://www.wormbase.org/db/get?name=or283;class=Variation
2013-11-28 09:56:59
Status: live
2013-11-28 09:57:05

or352ts	Variation	http://www.wormbase.org/db/get?name=or352;class=Variation
2013-11-28 09:57:05
Status: live
2013-11-28 09:57:10

or77	Variation	http://www.wormbase.org/db/get?name=or77;class=Variation
2013-11-28 09:57:10
Status: live
2013-11-28 09:57:16

or85	Variation	http://www.wormbase.org/db/get?name=or85;class=Variation
2013-11-28 09:57:16
Status: live
2013-11-28 09:57:20

osm-3	Gene	http://www.wormbase.org/db/get?name=osm-3;class=Gene
2013-11-28 09:57:20
Status: live
2013-11-28 09:57:25

otIs45	Transgene	http://www.wormbase.org/db/get?name=otIs45;class=Transgene
2013-11-28 09:57:25
Status: live
2013-11-28 09:57:30

rh148	Variation	http://www.wormbase.org/db/get?name=rh148;class=Variation
2013-11-28 09:57:30
Status: live
2013-11-28 09:57:35

rh24	Variation	http://www.wormbase.org/db/get?name=rh24;class=Variation
2013-11-28 09:57:35
Status: live
2013-11-28 09:57:41

rh40	Variation	http://www.wormbase.org/db/get?name=rh40;class=Variation
2013-11-28 09:57:41
Status: live
2013-11-28 09:57:47

sax-3	Gene	http://www.wormbase.org/db/get?name=sax-3;class=Gene
2013-11-28 09:57:47
Status: live
2013-11-28 09:57:53

sax-7	Gene	http://www.wormbase.org/db/get?name=sax-7;class=Gene
2013-11-28 09:57:53
Status: live
2013-11-28 09:57:58

sb79	Variation	http://www.wormbase.org/db/get?name=sb79;class=Variation
2013-11-28 09:57:58
Status: live
2013-11-28 09:58:04

slt-1	Gene	http://www.wormbase.org/db/get?name=slt-1;class=Gene
2013-11-28 09:58:04
Status: live
2013-11-28 09:58:08

tm324	Variation	http://www.wormbase.org/db/get?name=tm324;class=Variation
2013-11-28 09:58:08
Status: live
2013-11-28 09:58:13

unc-104	Gene	http://www.wormbase.org/db/get?name=unc-104;class=Gene
2013-11-28 09:58:13
Status: live
2013-11-28 09:58:17

unc-116	Gene	http://www.wormbase.org/db/get?name=unc-116;class=Gene
2013-11-28 09:58:17
Status: live
2013-11-28 09:58:21

unc-122	Gene	http://www.wormbase.org/db/get?name=unc-122;class=Gene
2013-11-28 09:58:21
Status: live
2013-11-28 09:58:26

unc-14	Gene	http://www.wormbase.org/db/get?name=unc-14;class=Gene
2013-11-28 09:58:26
Status: live
2013-11-28 09:58:31

unc-16	Gene	http://www.wormbase.org/db/get?name=unc-16;class=Gene
2013-11-28 09:58:31
Status: live
2013-11-28 09:58:37

unc-33	Gene	http://www.wormbase.org/db/get?name=unc-33;class=Gene
2013-11-28 09:58:37
Status: live
2013-11-28 09:58:41

unc-34	Gene	http://www.wormbase.org/db/get?name=unc-34;class=Gene
2013-11-28 09:58:41
Status: live
2013-11-28 09:58:45

unc-40	Gene	http://www.wormbase.org/db/get?name=unc-40;class=Gene
2013-11-28 09:58:45
Status: live
2013-11-28 09:58:49

unc-44	Gene	http://www.wormbase.org/db/get?name=unc-44;class=Gene
2013-11-28 09:58:49
Status: live
2013-11-28 09:58:56

unc-5	Gene	http://www.wormbase.org/db/get?name=unc-5;class=Gene
2013-11-28 09:58:56
Status: live
2013-11-28 09:59:01

unc-51	Gene	http://www.wormbase.org/db/get?name=unc-51;class=Gene
2013-11-28 09:59:01
Status: live
2013-11-28 09:59:07

unc-6	Gene	http://www.wormbase.org/db/get?name=unc-6;class=Gene
2013-11-28 09:59:07
Status: live
2013-11-28 09:59:13

unc-69	Gene	http://www.wormbase.org/db/get?name=unc-69;class=Gene
2013-11-28 09:59:13
Status: live
2013-11-28 09:59:17

unc-73	Gene	http://www.wormbase.org/db/get?name=unc-73;class=Gene
2013-11-28 09:59:17
Status: live
2013-11-28 09:59:22

unc-76	Gene	http://www.wormbase.org/db/get?name=unc-76;class=Gene
2013-11-28 09:59:22
Status: live
2013-11-28 09:59:26

vab-8	Gene	http://www.wormbase.org/db/get?name=vab-8;class=Gene
2013-11-28 09:59:26
Status: live
2013-11-28 09:59:32

wve-1	Gene	http://www.wormbase.org/db/get?name=wve-1;class=Gene
2013-11-28 09:59:32
Status: live
2013-11-28 09:59:38

wyEx1916	Transgene	http://www.wormbase.org/db/get?name=wyEx1916;class=Transgene
2013-11-28 09:59:38
Status: live
2013-11-28 09:59:42

wyIs154	Transgene	http://www.wormbase.org/db/get?name=wyIs154;class=Transgene
2013-11-28 09:59:42
Status: live
2013-11-28 09:59:46

wyIs155	Transgene	http://www.wormbase.org/db/get?name=wyIs155;class=Transgene
2013-11-28 09:59:46
Status: live
2013-11-28 09:59:50

wyIs157	Transgene	http://www.wormbase.org/db/get?name=wyIs157;class=Transgene
2013-11-28 09:59:50
Status: live
2013-11-28 09:59:54

zdIs5	Transgene	http://www.wormbase.org/db/get?name=zdIs5;class=Transgene
2013-11-28 09:59:54
Status: live
2013-11-28 10:00:01

zen-4	Gene	http://www.wormbase.org/db/get?name=zen-4;class=Gene
2013-11-28 10:00:01
Status: live
2013-11-28 10:00:06

End time: 2013-11-28 10:00:06

